2025-11-13 13:05:17 | [32mINFO[0m | app:app/main.py|create_app:80 | âœ… Application initialized ....!!!!
2025-11-13 13:05:27 | [32mINFO[0m | app:app/main.py|create_app:80 | âœ… Application initialized ....!!!!
2025-11-13 13:05:29 | [32mINFO[0m | app:core/logger.py|log_with_context:211 | GET http://127.0.0.1:8000/api/v1/docs - 200 (duration=0.75 ms) | client=127.0.0.1
2025-11-13 13:05:30 | [32mINFO[0m | app:core/logger.py|log_with_context:211 | GET http://127.0.0.1:8000/api/v1/openapi.json - 200 (duration=63.3 ms) | client=127.0.0.1
2025-11-13 13:07:26 | [32mINFO[0m | app:app/main.py|create_app:80 | âœ… Application initialized ....!!!!
2025-11-13 13:07:26 | [32mINFO[0m | app:core/logger.py|log_with_context:211 | GET http://127.0.0.1:8000/api/v1/docs - 200 (duration=0.46 ms) | client=127.0.0.1
2025-11-13 13:07:26 | [32mINFO[0m | app:core/logger.py|log_with_context:211 | GET http://127.0.0.1:8000/api/v1/openapi.json - 200 (duration=60.98 ms) | client=127.0.0.1
2025-11-13 13:07:39 | [32mINFO[0m | app:core/logger.py|log_with_context:211 | POST http://127.0.0.1:8000/api/v1/auth/send_email - 200 (duration=2136.05 ms) | client=127.0.0.1
2025-11-13 13:20:01 | [32mINFO[0m | app:app/main.py|create_app:80 | âœ… Application initialized ....!!!!
2025-11-13 13:20:18 | [32mINFO[0m | app:app/main.py|create_app:80 | âœ… Application initialized ....!!!!
2025-11-13 13:20:41 | [32mINFO[0m | app:app/main.py|create_app:80 | âœ… Application initialized ....!!!!
2025-11-13 13:21:01 | [32mINFO[0m | app:app/main.py|create_app:80 | âœ… Application initialized ....!!!!
2025-11-13 13:21:08 | [32mINFO[0m | app:app/main.py|create_app:80 | âœ… Application initialized ....!!!!
2025-11-13 13:21:22 | [32mINFO[0m | app:app/main.py|create_app:80 | âœ… Application initialized ....!!!!
2025-11-13 13:22:31 | [32mINFO[0m | app:app/main.py|create_app:80 | âœ… Application initialized ....!!!!
2025-11-13 13:23:14 | [32mINFO[0m | app:app/main.py|create_app:80 | âœ… Application initialized ....!!!!
2025-11-13 13:23:47 | [32mINFO[0m | app:app/main.py|create_app:80 | âœ… Application initialized ....!!!!
2025-11-13 16:00:39 | [32mINFO[0m | app:app/main.py|create_app:79 | âœ… Application initialized ....!!!!
2025-11-13 16:00:46 | [32mINFO[0m | app:app/main.py|create_app:79 | âœ… Application initialized ....!!!!
2025-11-13 16:00:46 | [32mINFO[0m | app:core/logger.py|log_with_context:211 | GET http://127.0.0.1:8000/api/v1/docs - 200 (duration=0.3 ms) | client=127.0.0.1
2025-11-13 16:00:46 | [32mINFO[0m | app:core/logger.py|log_with_context:211 | GET http://127.0.0.1:8000/api/v1/openapi.json - 200 (duration=55.76 ms) | client=127.0.0.1
2025-11-13 16:01:53 | [32mINFO[0m | app:app/main.py|create_app:79 | âœ… Application initialized ....!!!!
2025-11-13 16:02:00 | [32mINFO[0m | app:app/main.py|create_app:79 | âœ… Application initialized ....!!!!
2025-11-13 16:02:14 | [32mINFO[0m | app:app/main.py|create_app:79 | âœ… Application initialized ....!!!!
2025-11-13 16:04:27 | [32mINFO[0m | app:app/main.py|create_app:79 | âœ… Application initialized ....!!!!
2025-11-13 16:04:48 | [32mINFO[0m | app:app/main.py|create_app:79 | âœ… Application initialized ....!!!!
2025-11-13 16:05:45 | [32mINFO[0m | app:app/main.py|create_app:79 | âœ… Application initialized ....!!!!
2025-11-13 16:06:57 | [32mINFO[0m | app:app/main.py|create_app:79 | âœ… Application initialized ....!!!!
2025-11-13 16:07:36 | [32mINFO[0m | app:app/main.py|create_app:79 | âœ… Application initialized ....!!!!
2025-11-13 16:07:42 | [32mINFO[0m | app:app/main.py|create_app:79 | âœ… Application initialized ....!!!!
2025-11-13 16:07:57 | [32mINFO[0m | app:app/main.py|create_app:79 | âœ… Application initialized ....!!!!
2025-11-13 16:09:00 | [32mINFO[0m | app:app/main.py|create_app:79 | âœ… Application initialized ....!!!!
2025-11-13 16:12:28 | [31mERROR[0m | app:core/logger.py|log_exception:251 | Exception in HTTP Middleware: [Errno 2] No such file or directory: 'templates/verify_email.html'
Traceback (most recent call last):
  File "/Users/aadarshkushwaha/Desktop/Study /PythonBackend/Bookly/app/core/middleware.py", line 21, in custom_http_logging
    response = await call_next(request)
               ^^^^^^^^^^^^^^^^^^^^^^^^
  File "/Users/aadarshkushwaha/Desktop/Study /PythonBackend/Bookly/.venv/lib/python3.13/site-packages/starlette/middleware/base.py", line 168, in call_next
    raise app_exc from app_exc.__cause__ or app_exc.__context__
  File "/Users/aadarshkushwaha/Desktop/Study /PythonBackend/Bookly/.venv/lib/python3.13/site-packages/starlette/middleware/base.py", line 144, in coro
    await self.app(scope, receive_or_disconnect, send_no_error)
  File "/Users/aadarshkushwaha/Desktop/Study /PythonBackend/Bookly/.venv/lib/python3.13/site-packages/starlette/middleware/exceptions.py", line 63, in __call__
    await wrap_app_handling_exceptions(self.app, conn)(scope, receive, send)
  File "/Users/aadarshkushwaha/Desktop/Study /PythonBackend/Bookly/.venv/lib/python3.13/site-packages/starlette/_exception_handler.py", line 53, in wrapped_app
    raise exc
  File "/Users/aadarshkushwaha/Desktop/Study /PythonBackend/Bookly/.venv/lib/python3.13/site-packages/starlette/_exception_handler.py", line 42, in wrapped_app
    await app(scope, receive, sender)
  File "/Users/aadarshkushwaha/Desktop/Study /PythonBackend/Bookly/.venv/lib/python3.13/site-packages/fastapi/middleware/asyncexitstack.py", line 18, in __call__
    await self.app(scope, receive, send)
  File "/Users/aadarshkushwaha/Desktop/Study /PythonBackend/Bookly/.venv/lib/python3.13/site-packages/starlette/routing.py", line 716, in __call__
    await self.middleware_stack(scope, receive, send)
  File "/Users/aadarshkushwaha/Desktop/Study /PythonBackend/Bookly/.venv/lib/python3.13/site-packages/starlette/routing.py", line 736, in app
    await route.handle(scope, receive, send)
  File "/Users/aadarshkushwaha/Desktop/Study /PythonBackend/Bookly/.venv/lib/python3.13/site-packages/starlette/routing.py", line 290, in handle
    await self.app(scope, receive, send)
  File "/Users/aadarshkushwaha/Desktop/Study /PythonBackend/Bookly/.venv/lib/python3.13/site-packages/fastapi/routing.py", line 124, in app
    await wrap_app_handling_exceptions(app, request)(scope, receive, send)
  File "/Users/aadarshkushwaha/Desktop/Study /PythonBackend/Bookly/.venv/lib/python3.13/site-packages/starlette/_exception_handler.py", line 53, in wrapped_app
    raise exc
  File "/Users/aadarshkushwaha/Desktop/Study /PythonBackend/Bookly/.venv/lib/python3.13/site-packages/starlette/_exception_handler.py", line 42, in wrapped_app
    await app(scope, receive, sender)
  File "/Users/aadarshkushwaha/Desktop/Study /PythonBackend/Bookly/.venv/lib/python3.13/site-packages/fastapi/routing.py", line 110, in app
    response = await f(request)
               ^^^^^^^^^^^^^^^^
  File "/Users/aadarshkushwaha/Desktop/Study /PythonBackend/Bookly/.venv/lib/python3.13/site-packages/fastapi/routing.py", line 390, in app
    raw_response = await run_endpoint_function(
                   ^^^^^^^^^^^^^^^^^^^^^^^^^^^^
    ...<3 lines>...
    )
    ^
  File "/Users/aadarshkushwaha/Desktop/Study /PythonBackend/Bookly/.venv/lib/python3.13/site-packages/fastapi/routing.py", line 289, in run_endpoint_function
    return await dependant.call(**values)
           ^^^^^^^^^^^^^^^^^^^^^^^^^^^^^^
  File "/Users/aadarshkushwaha/Desktop/Study /PythonBackend/Bookly/app/auth/routes.py", line 40, in signup
    return await auth_service.send_verification_email(new_user)
           ^^^^^^^^^^^^^^^^^^^^^^^^^^^^^^^^^^^^^^^^^^^^^^^^^^^^
  File "/Users/aadarshkushwaha/Desktop/Study /PythonBackend/Bookly/app/auth/service.py", line 132, in send_verification_email
    html_body = render_verification_email_template(user.username, verify_url)
  File "/Users/aadarshkushwaha/Desktop/Study /PythonBackend/Bookly/app/shared/utils.py", line 72, in render_verification_email_template
    with open(os.path.join("templates", "verify_email.html"), "r") as f:
         ~~~~^^^^^^^^^^^^^^^^^^^^^^^^^^^^^^^^^^^^^^^^^^^^^^^^^^^^^
FileNotFoundError: [Errno 2] No such file or directory: 'templates/verify_email.html'
2025-11-13 16:12:28 | [32mINFO[0m | app:core/logger.py|log_with_context:211 | POST http://127.0.0.1:8000/api/v1/auth/signup - 500 (duration=407.34 ms) | client=127.0.0.1
2025-11-13 16:12:28 | [31mERROR[0m | app:core/logger.py|log_exception:251 | Exception in UnhandledException: [Errno 2] No such file or directory: 'templates/verify_email.html'
Traceback (most recent call last):
  File "/Users/aadarshkushwaha/Desktop/Study /PythonBackend/Bookly/.venv/lib/python3.13/site-packages/starlette/middleware/errors.py", line 164, in __call__
    await self.app(scope, receive, _send)
  File "/Users/aadarshkushwaha/Desktop/Study /PythonBackend/Bookly/.venv/lib/python3.13/site-packages/starlette/middleware/trustedhost.py", line 51, in __call__
    await self.app(scope, receive, send)
  File "/Users/aadarshkushwaha/Desktop/Study /PythonBackend/Bookly/.venv/lib/python3.13/site-packages/starlette/middleware/cors.py", line 85, in __call__
    await self.app(scope, receive, send)
  File "/Users/aadarshkushwaha/Desktop/Study /PythonBackend/Bookly/.venv/lib/python3.13/site-packages/starlette/middleware/base.py", line 191, in __call__
    with recv_stream, send_stream, collapse_excgroups():
                                   ~~~~~~~~~~~~~~~~~~^^
  File "/Users/aadarshkushwaha/.local/share/uv/python/cpython-3.13.7-macos-x86_64-none/lib/python3.13/contextlib.py", line 162, in __exit__
    self.gen.throw(value)
    ~~~~~~~~~~~~~~^^^^^^^
  File "/Users/aadarshkushwaha/Desktop/Study /PythonBackend/Bookly/.venv/lib/python3.13/site-packages/starlette/_utils.py", line 85, in collapse_excgroups
    raise exc
  File "/Users/aadarshkushwaha/Desktop/Study /PythonBackend/Bookly/.venv/lib/python3.13/site-packages/starlette/middleware/base.py", line 193, in __call__
    response = await self.dispatch_func(request, call_next)
               ^^^^^^^^^^^^^^^^^^^^^^^^^^^^^^^^^^^^^^^^^^^^
  File "/Users/aadarshkushwaha/Desktop/Study /PythonBackend/Bookly/app/core/middleware.py", line 21, in custom_http_logging
    response = await call_next(request)
               ^^^^^^^^^^^^^^^^^^^^^^^^
  File "/Users/aadarshkushwaha/Desktop/Study /PythonBackend/Bookly/.venv/lib/python3.13/site-packages/starlette/middleware/base.py", line 168, in call_next
    raise app_exc from app_exc.__cause__ or app_exc.__context__
  File "/Users/aadarshkushwaha/Desktop/Study /PythonBackend/Bookly/.venv/lib/python3.13/site-packages/starlette/middleware/base.py", line 144, in coro
    await self.app(scope, receive_or_disconnect, send_no_error)
  File "/Users/aadarshkushwaha/Desktop/Study /PythonBackend/Bookly/.venv/lib/python3.13/site-packages/starlette/middleware/exceptions.py", line 63, in __call__
    await wrap_app_handling_exceptions(self.app, conn)(scope, receive, send)
  File "/Users/aadarshkushwaha/Desktop/Study /PythonBackend/Bookly/.venv/lib/python3.13/site-packages/starlette/_exception_handler.py", line 53, in wrapped_app
    raise exc
  File "/Users/aadarshkushwaha/Desktop/Study /PythonBackend/Bookly/.venv/lib/python3.13/site-packages/starlette/_exception_handler.py", line 42, in wrapped_app
    await app(scope, receive, sender)
  File "/Users/aadarshkushwaha/Desktop/Study /PythonBackend/Bookly/.venv/lib/python3.13/site-packages/fastapi/middleware/asyncexitstack.py", line 18, in __call__
    await self.app(scope, receive, send)
  File "/Users/aadarshkushwaha/Desktop/Study /PythonBackend/Bookly/.venv/lib/python3.13/site-packages/starlette/routing.py", line 716, in __call__
    await self.middleware_stack(scope, receive, send)
  File "/Users/aadarshkushwaha/Desktop/Study /PythonBackend/Bookly/.venv/lib/python3.13/site-packages/starlette/routing.py", line 736, in app
    await route.handle(scope, receive, send)
  File "/Users/aadarshkushwaha/Desktop/Study /PythonBackend/Bookly/.venv/lib/python3.13/site-packages/starlette/routing.py", line 290, in handle
    await self.app(scope, receive, send)
  File "/Users/aadarshkushwaha/Desktop/Study /PythonBackend/Bookly/.venv/lib/python3.13/site-packages/fastapi/routing.py", line 124, in app
    await wrap_app_handling_exceptions(app, request)(scope, receive, send)
  File "/Users/aadarshkushwaha/Desktop/Study /PythonBackend/Bookly/.venv/lib/python3.13/site-packages/starlette/_exception_handler.py", line 53, in wrapped_app
    raise exc
  File "/Users/aadarshkushwaha/Desktop/Study /PythonBackend/Bookly/.venv/lib/python3.13/site-packages/starlette/_exception_handler.py", line 42, in wrapped_app
    await app(scope, receive, sender)
  File "/Users/aadarshkushwaha/Desktop/Study /PythonBackend/Bookly/.venv/lib/python3.13/site-packages/fastapi/routing.py", line 110, in app
    response = await f(request)
               ^^^^^^^^^^^^^^^^
  File "/Users/aadarshkushwaha/Desktop/Study /PythonBackend/Bookly/.venv/lib/python3.13/site-packages/fastapi/routing.py", line 390, in app
    raw_response = await run_endpoint_function(
                   ^^^^^^^^^^^^^^^^^^^^^^^^^^^^
    ...<3 lines>...
    )
    ^
  File "/Users/aadarshkushwaha/Desktop/Study /PythonBackend/Bookly/.venv/lib/python3.13/site-packages/fastapi/routing.py", line 289, in run_endpoint_function
    return await dependant.call(**values)
           ^^^^^^^^^^^^^^^^^^^^^^^^^^^^^^
  File "/Users/aadarshkushwaha/Desktop/Study /PythonBackend/Bookly/app/auth/routes.py", line 40, in signup
    return await auth_service.send_verification_email(new_user)
           ^^^^^^^^^^^^^^^^^^^^^^^^^^^^^^^^^^^^^^^^^^^^^^^^^^^^
  File "/Users/aadarshkushwaha/Desktop/Study /PythonBackend/Bookly/app/auth/service.py", line 132, in send_verification_email
    html_body = render_verification_email_template(user.username, verify_url)
  File "/Users/aadarshkushwaha/Desktop/Study /PythonBackend/Bookly/app/shared/utils.py", line 72, in render_verification_email_template
    with open(os.path.join("templates", "verify_email.html"), "r") as f:
         ~~~~^^^^^^^^^^^^^^^^^^^^^^^^^^^^^^^^^^^^^^^^^^^^^^^^^^^^^
FileNotFoundError: [Errno 2] No such file or directory: 'templates/verify_email.html'
2025-11-13 16:14:22 | [32mINFO[0m | app:app/main.py|create_app:79 | âœ… Application initialized ....!!!!
2025-11-13 16:14:41 | [31mERROR[0m | app:core/logger.py|log_exception:251 | Exception in HTTP Middleware: [Errno 2] No such file or directory: './templates/verify_email.html'
Traceback (most recent call last):
  File "/Users/aadarshkushwaha/Desktop/Study /PythonBackend/Bookly/app/core/middleware.py", line 21, in custom_http_logging
    response = await call_next(request)
               ^^^^^^^^^^^^^^^^^^^^^^^^
  File "/Users/aadarshkushwaha/Desktop/Study /PythonBackend/Bookly/.venv/lib/python3.13/site-packages/starlette/middleware/base.py", line 168, in call_next
    raise app_exc from app_exc.__cause__ or app_exc.__context__
  File "/Users/aadarshkushwaha/Desktop/Study /PythonBackend/Bookly/.venv/lib/python3.13/site-packages/starlette/middleware/base.py", line 144, in coro
    await self.app(scope, receive_or_disconnect, send_no_error)
  File "/Users/aadarshkushwaha/Desktop/Study /PythonBackend/Bookly/.venv/lib/python3.13/site-packages/starlette/middleware/exceptions.py", line 63, in __call__
    await wrap_app_handling_exceptions(self.app, conn)(scope, receive, send)
  File "/Users/aadarshkushwaha/Desktop/Study /PythonBackend/Bookly/.venv/lib/python3.13/site-packages/starlette/_exception_handler.py", line 53, in wrapped_app
    raise exc
  File "/Users/aadarshkushwaha/Desktop/Study /PythonBackend/Bookly/.venv/lib/python3.13/site-packages/starlette/_exception_handler.py", line 42, in wrapped_app
    await app(scope, receive, sender)
  File "/Users/aadarshkushwaha/Desktop/Study /PythonBackend/Bookly/.venv/lib/python3.13/site-packages/fastapi/middleware/asyncexitstack.py", line 18, in __call__
    await self.app(scope, receive, send)
  File "/Users/aadarshkushwaha/Desktop/Study /PythonBackend/Bookly/.venv/lib/python3.13/site-packages/starlette/routing.py", line 716, in __call__
    await self.middleware_stack(scope, receive, send)
  File "/Users/aadarshkushwaha/Desktop/Study /PythonBackend/Bookly/.venv/lib/python3.13/site-packages/starlette/routing.py", line 736, in app
    await route.handle(scope, receive, send)
  File "/Users/aadarshkushwaha/Desktop/Study /PythonBackend/Bookly/.venv/lib/python3.13/site-packages/starlette/routing.py", line 290, in handle
    await self.app(scope, receive, send)
  File "/Users/aadarshkushwaha/Desktop/Study /PythonBackend/Bookly/.venv/lib/python3.13/site-packages/fastapi/routing.py", line 124, in app
    await wrap_app_handling_exceptions(app, request)(scope, receive, send)
  File "/Users/aadarshkushwaha/Desktop/Study /PythonBackend/Bookly/.venv/lib/python3.13/site-packages/starlette/_exception_handler.py", line 53, in wrapped_app
    raise exc
  File "/Users/aadarshkushwaha/Desktop/Study /PythonBackend/Bookly/.venv/lib/python3.13/site-packages/starlette/_exception_handler.py", line 42, in wrapped_app
    await app(scope, receive, sender)
  File "/Users/aadarshkushwaha/Desktop/Study /PythonBackend/Bookly/.venv/lib/python3.13/site-packages/fastapi/routing.py", line 110, in app
    response = await f(request)
               ^^^^^^^^^^^^^^^^
  File "/Users/aadarshkushwaha/Desktop/Study /PythonBackend/Bookly/.venv/lib/python3.13/site-packages/fastapi/routing.py", line 390, in app
    raw_response = await run_endpoint_function(
                   ^^^^^^^^^^^^^^^^^^^^^^^^^^^^
    ...<3 lines>...
    )
    ^
  File "/Users/aadarshkushwaha/Desktop/Study /PythonBackend/Bookly/.venv/lib/python3.13/site-packages/fastapi/routing.py", line 289, in run_endpoint_function
    return await dependant.call(**values)
           ^^^^^^^^^^^^^^^^^^^^^^^^^^^^^^
  File "/Users/aadarshkushwaha/Desktop/Study /PythonBackend/Bookly/app/auth/routes.py", line 40, in signup
    return await auth_service.send_verification_email(new_user)
           ^^^^^^^^^^^^^^^^^^^^^^^^^^^^^^^^^^^^^^^^^^^^^^^^^^^^
  File "/Users/aadarshkushwaha/Desktop/Study /PythonBackend/Bookly/app/auth/service.py", line 132, in send_verification_email
    html_body = render_verification_email_template(user.username, verify_url)
  File "/Users/aadarshkushwaha/Desktop/Study /PythonBackend/Bookly/app/shared/utils.py", line 72, in render_verification_email_template
    with open(os.path.join("./templates", "verify_email.html"), "r") as f:
         ~~~~^^^^^^^^^^^^^^^^^^^^^^^^^^^^^^^^^^^^^^^^^^^^^^^^^^^^^^^
FileNotFoundError: [Errno 2] No such file or directory: './templates/verify_email.html'
2025-11-13 16:14:41 | [32mINFO[0m | app:core/logger.py|log_with_context:211 | POST http://127.0.0.1:8000/api/v1/auth/signup - 500 (duration=297.74 ms) | client=127.0.0.1
2025-11-13 16:14:41 | [31mERROR[0m | app:core/logger.py|log_exception:251 | Exception in UnhandledException: [Errno 2] No such file or directory: './templates/verify_email.html'
Traceback (most recent call last):
  File "/Users/aadarshkushwaha/Desktop/Study /PythonBackend/Bookly/.venv/lib/python3.13/site-packages/starlette/middleware/errors.py", line 164, in __call__
    await self.app(scope, receive, _send)
  File "/Users/aadarshkushwaha/Desktop/Study /PythonBackend/Bookly/.venv/lib/python3.13/site-packages/starlette/middleware/trustedhost.py", line 51, in __call__
    await self.app(scope, receive, send)
  File "/Users/aadarshkushwaha/Desktop/Study /PythonBackend/Bookly/.venv/lib/python3.13/site-packages/starlette/middleware/cors.py", line 85, in __call__
    await self.app(scope, receive, send)
  File "/Users/aadarshkushwaha/Desktop/Study /PythonBackend/Bookly/.venv/lib/python3.13/site-packages/starlette/middleware/base.py", line 191, in __call__
    with recv_stream, send_stream, collapse_excgroups():
                                   ~~~~~~~~~~~~~~~~~~^^
  File "/Users/aadarshkushwaha/.local/share/uv/python/cpython-3.13.7-macos-x86_64-none/lib/python3.13/contextlib.py", line 162, in __exit__
    self.gen.throw(value)
    ~~~~~~~~~~~~~~^^^^^^^
  File "/Users/aadarshkushwaha/Desktop/Study /PythonBackend/Bookly/.venv/lib/python3.13/site-packages/starlette/_utils.py", line 85, in collapse_excgroups
    raise exc
  File "/Users/aadarshkushwaha/Desktop/Study /PythonBackend/Bookly/.venv/lib/python3.13/site-packages/starlette/middleware/base.py", line 193, in __call__
    response = await self.dispatch_func(request, call_next)
               ^^^^^^^^^^^^^^^^^^^^^^^^^^^^^^^^^^^^^^^^^^^^
  File "/Users/aadarshkushwaha/Desktop/Study /PythonBackend/Bookly/app/core/middleware.py", line 21, in custom_http_logging
    response = await call_next(request)
               ^^^^^^^^^^^^^^^^^^^^^^^^
  File "/Users/aadarshkushwaha/Desktop/Study /PythonBackend/Bookly/.venv/lib/python3.13/site-packages/starlette/middleware/base.py", line 168, in call_next
    raise app_exc from app_exc.__cause__ or app_exc.__context__
  File "/Users/aadarshkushwaha/Desktop/Study /PythonBackend/Bookly/.venv/lib/python3.13/site-packages/starlette/middleware/base.py", line 144, in coro
    await self.app(scope, receive_or_disconnect, send_no_error)
  File "/Users/aadarshkushwaha/Desktop/Study /PythonBackend/Bookly/.venv/lib/python3.13/site-packages/starlette/middleware/exceptions.py", line 63, in __call__
    await wrap_app_handling_exceptions(self.app, conn)(scope, receive, send)
  File "/Users/aadarshkushwaha/Desktop/Study /PythonBackend/Bookly/.venv/lib/python3.13/site-packages/starlette/_exception_handler.py", line 53, in wrapped_app
    raise exc
  File "/Users/aadarshkushwaha/Desktop/Study /PythonBackend/Bookly/.venv/lib/python3.13/site-packages/starlette/_exception_handler.py", line 42, in wrapped_app
    await app(scope, receive, sender)
  File "/Users/aadarshkushwaha/Desktop/Study /PythonBackend/Bookly/.venv/lib/python3.13/site-packages/fastapi/middleware/asyncexitstack.py", line 18, in __call__
    await self.app(scope, receive, send)
  File "/Users/aadarshkushwaha/Desktop/Study /PythonBackend/Bookly/.venv/lib/python3.13/site-packages/starlette/routing.py", line 716, in __call__
    await self.middleware_stack(scope, receive, send)
  File "/Users/aadarshkushwaha/Desktop/Study /PythonBackend/Bookly/.venv/lib/python3.13/site-packages/starlette/routing.py", line 736, in app
    await route.handle(scope, receive, send)
  File "/Users/aadarshkushwaha/Desktop/Study /PythonBackend/Bookly/.venv/lib/python3.13/site-packages/starlette/routing.py", line 290, in handle
    await self.app(scope, receive, send)
  File "/Users/aadarshkushwaha/Desktop/Study /PythonBackend/Bookly/.venv/lib/python3.13/site-packages/fastapi/routing.py", line 124, in app
    await wrap_app_handling_exceptions(app, request)(scope, receive, send)
  File "/Users/aadarshkushwaha/Desktop/Study /PythonBackend/Bookly/.venv/lib/python3.13/site-packages/starlette/_exception_handler.py", line 53, in wrapped_app
    raise exc
  File "/Users/aadarshkushwaha/Desktop/Study /PythonBackend/Bookly/.venv/lib/python3.13/site-packages/starlette/_exception_handler.py", line 42, in wrapped_app
    await app(scope, receive, sender)
  File "/Users/aadarshkushwaha/Desktop/Study /PythonBackend/Bookly/.venv/lib/python3.13/site-packages/fastapi/routing.py", line 110, in app
    response = await f(request)
               ^^^^^^^^^^^^^^^^
  File "/Users/aadarshkushwaha/Desktop/Study /PythonBackend/Bookly/.venv/lib/python3.13/site-packages/fastapi/routing.py", line 390, in app
    raw_response = await run_endpoint_function(
                   ^^^^^^^^^^^^^^^^^^^^^^^^^^^^
    ...<3 lines>...
    )
    ^
  File "/Users/aadarshkushwaha/Desktop/Study /PythonBackend/Bookly/.venv/lib/python3.13/site-packages/fastapi/routing.py", line 289, in run_endpoint_function
    return await dependant.call(**values)
           ^^^^^^^^^^^^^^^^^^^^^^^^^^^^^^
  File "/Users/aadarshkushwaha/Desktop/Study /PythonBackend/Bookly/app/auth/routes.py", line 40, in signup
    return await auth_service.send_verification_email(new_user)
           ^^^^^^^^^^^^^^^^^^^^^^^^^^^^^^^^^^^^^^^^^^^^^^^^^^^^
  File "/Users/aadarshkushwaha/Desktop/Study /PythonBackend/Bookly/app/auth/service.py", line 132, in send_verification_email
    html_body = render_verification_email_template(user.username, verify_url)
  File "/Users/aadarshkushwaha/Desktop/Study /PythonBackend/Bookly/app/shared/utils.py", line 72, in render_verification_email_template
    with open(os.path.join("./templates", "verify_email.html"), "r") as f:
         ~~~~^^^^^^^^^^^^^^^^^^^^^^^^^^^^^^^^^^^^^^^^^^^^^^^^^^^^^^^
FileNotFoundError: [Errno 2] No such file or directory: './templates/verify_email.html'
2025-11-13 16:16:49 | [32mINFO[0m | app:app/main.py|create_app:79 | âœ… Application initialized ....!!!!
2025-11-13 16:17:02 | [32mINFO[0m | app:app/main.py|create_app:79 | âœ… Application initialized ....!!!!
2025-11-13 16:17:15 | [32mINFO[0m | app:app/main.py|create_app:79 | âœ… Application initialized ....!!!!
2025-11-13 16:17:45 | [32mINFO[0m | app:app/main.py|create_app:79 | âœ… Application initialized ....!!!!
2025-11-13 16:18:58 | [32mINFO[0m | app:app/main.py|create_app:79 | âœ… Application initialized ....!!!!
2025-11-13 16:19:18 | [32mINFO[0m | app:app/main.py|create_app:79 | âœ… Application initialized ....!!!!
2025-11-13 16:19:29 | [32mINFO[0m | app:app/main.py|create_app:79 | âœ… Application initialized ....!!!!
2025-11-13 16:20:47 | [32mINFO[0m | app:app/main.py|create_app:79 | âœ… Application initialized ....!!!!
2025-11-13 16:22:15 | [31mERROR[0m | app:core/logger.py|log_exception:251 | Exception in HTTP Middleware: 11 validation errors:
  {'type': 'missing', 'loc': ('response', 'uid'), 'msg': 'Field required', 'input': {'message': 'Verification email sent successfully', 'user': <User(id=3994d36b-e88e-4a75-8274-8ec22186e49c, email=derekheart020@gmail.com, role=UserRole.superadmin)>}}
  {'type': 'missing', 'loc': ('response', 'username'), 'msg': 'Field required', 'input': {'message': 'Verification email sent successfully', 'user': <User(id=3994d36b-e88e-4a75-8274-8ec22186e49c, email=derekheart020@gmail.com, role=UserRole.superadmin)>}}
  {'type': 'missing', 'loc': ('response', 'email'), 'msg': 'Field required', 'input': {'message': 'Verification email sent successfully', 'user': <User(id=3994d36b-e88e-4a75-8274-8ec22186e49c, email=derekheart020@gmail.com, role=UserRole.superadmin)>}}
  {'type': 'missing', 'loc': ('response', 'first_name'), 'msg': 'Field required', 'input': {'message': 'Verification email sent successfully', 'user': <User(id=3994d36b-e88e-4a75-8274-8ec22186e49c, email=derekheart020@gmail.com, role=UserRole.superadmin)>}}
  {'type': 'missing', 'loc': ('response', 'last_name'), 'msg': 'Field required', 'input': {'message': 'Verification email sent successfully', 'user': <User(id=3994d36b-e88e-4a75-8274-8ec22186e49c, email=derekheart020@gmail.com, role=UserRole.superadmin)>}}
  {'type': 'missing', 'loc': ('response', 'is_verified'), 'msg': 'Field required', 'input': {'message': 'Verification email sent successfully', 'user': <User(id=3994d36b-e88e-4a75-8274-8ec22186e49c, email=derekheart020@gmail.com, role=UserRole.superadmin)>}}
  {'type': 'missing', 'loc': ('response', 'is_active'), 'msg': 'Field required', 'input': {'message': 'Verification email sent successfully', 'user': <User(id=3994d36b-e88e-4a75-8274-8ec22186e49c, email=derekheart020@gmail.com, role=UserRole.superadmin)>}}
  {'type': 'missing', 'loc': ('response', 'created_at'), 'msg': 'Field required', 'input': {'message': 'Verification email sent successfully', 'user': <User(id=3994d36b-e88e-4a75-8274-8ec22186e49c, email=derekheart020@gmail.com, role=UserRole.superadmin)>}}
  {'type': 'missing', 'loc': ('response', 'updated_at'), 'msg': 'Field required', 'input': {'message': 'Verification email sent successfully', 'user': <User(id=3994d36b-e88e-4a75-8274-8ec22186e49c, email=derekheart020@gmail.com, role=UserRole.superadmin)>}}
  {'type': 'missing', 'loc': ('response', 'role'), 'msg': 'Field required', 'input': {'message': 'Verification email sent successfully', 'user': <User(id=3994d36b-e88e-4a75-8274-8ec22186e49c, email=derekheart020@gmail.com, role=UserRole.superadmin)>}}
  {'type': 'missing', 'loc': ('response', 'books'), 'msg': 'Field required', 'input': {'message': 'Verification email sent successfully', 'user': <User(id=3994d36b-e88e-4a75-8274-8ec22186e49c, email=derekheart020@gmail.com, role=UserRole.superadmin)>}}
Traceback (most recent call last):
  File "/Users/aadarshkushwaha/Desktop/Study /PythonBackend/Bookly/app/core/middleware.py", line 21, in custom_http_logging
    response = await call_next(request)
               ^^^^^^^^^^^^^^^^^^^^^^^^
  File "/Users/aadarshkushwaha/Desktop/Study /PythonBackend/Bookly/.venv/lib/python3.13/site-packages/starlette/middleware/base.py", line 168, in call_next
    raise app_exc from app_exc.__cause__ or app_exc.__context__
  File "/Users/aadarshkushwaha/Desktop/Study /PythonBackend/Bookly/.venv/lib/python3.13/site-packages/starlette/middleware/base.py", line 144, in coro
    await self.app(scope, receive_or_disconnect, send_no_error)
  File "/Users/aadarshkushwaha/Desktop/Study /PythonBackend/Bookly/.venv/lib/python3.13/site-packages/starlette/middleware/exceptions.py", line 63, in __call__
    await wrap_app_handling_exceptions(self.app, conn)(scope, receive, send)
  File "/Users/aadarshkushwaha/Desktop/Study /PythonBackend/Bookly/.venv/lib/python3.13/site-packages/starlette/_exception_handler.py", line 53, in wrapped_app
    raise exc
  File "/Users/aadarshkushwaha/Desktop/Study /PythonBackend/Bookly/.venv/lib/python3.13/site-packages/starlette/_exception_handler.py", line 42, in wrapped_app
    await app(scope, receive, sender)
  File "/Users/aadarshkushwaha/Desktop/Study /PythonBackend/Bookly/.venv/lib/python3.13/site-packages/fastapi/middleware/asyncexitstack.py", line 18, in __call__
    await self.app(scope, receive, send)
  File "/Users/aadarshkushwaha/Desktop/Study /PythonBackend/Bookly/.venv/lib/python3.13/site-packages/starlette/routing.py", line 716, in __call__
    await self.middleware_stack(scope, receive, send)
  File "/Users/aadarshkushwaha/Desktop/Study /PythonBackend/Bookly/.venv/lib/python3.13/site-packages/starlette/routing.py", line 736, in app
    await route.handle(scope, receive, send)
  File "/Users/aadarshkushwaha/Desktop/Study /PythonBackend/Bookly/.venv/lib/python3.13/site-packages/starlette/routing.py", line 290, in handle
    await self.app(scope, receive, send)
  File "/Users/aadarshkushwaha/Desktop/Study /PythonBackend/Bookly/.venv/lib/python3.13/site-packages/fastapi/routing.py", line 124, in app
    await wrap_app_handling_exceptions(app, request)(scope, receive, send)
  File "/Users/aadarshkushwaha/Desktop/Study /PythonBackend/Bookly/.venv/lib/python3.13/site-packages/starlette/_exception_handler.py", line 53, in wrapped_app
    raise exc
  File "/Users/aadarshkushwaha/Desktop/Study /PythonBackend/Bookly/.venv/lib/python3.13/site-packages/starlette/_exception_handler.py", line 42, in wrapped_app
    await app(scope, receive, sender)
  File "/Users/aadarshkushwaha/Desktop/Study /PythonBackend/Bookly/.venv/lib/python3.13/site-packages/fastapi/routing.py", line 110, in app
    response = await f(request)
               ^^^^^^^^^^^^^^^^
  File "/Users/aadarshkushwaha/Desktop/Study /PythonBackend/Bookly/.venv/lib/python3.13/site-packages/fastapi/routing.py", line 412, in app
    content = await serialize_response(
              ^^^^^^^^^^^^^^^^^^^^^^^^^
    ...<9 lines>...
    )
    ^
  File "/Users/aadarshkushwaha/Desktop/Study /PythonBackend/Bookly/.venv/lib/python3.13/site-packages/fastapi/routing.py", line 253, in serialize_response
    raise ResponseValidationError(
        errors=_normalize_errors(errors), body=response_content
    )
fastapi.exceptions.ResponseValidationError: 11 validation errors:
  {'type': 'missing', 'loc': ('response', 'uid'), 'msg': 'Field required', 'input': {'message': 'Verification email sent successfully', 'user': <User(id=3994d36b-e88e-4a75-8274-8ec22186e49c, email=derekheart020@gmail.com, role=UserRole.superadmin)>}}
  {'type': 'missing', 'loc': ('response', 'username'), 'msg': 'Field required', 'input': {'message': 'Verification email sent successfully', 'user': <User(id=3994d36b-e88e-4a75-8274-8ec22186e49c, email=derekheart020@gmail.com, role=UserRole.superadmin)>}}
  {'type': 'missing', 'loc': ('response', 'email'), 'msg': 'Field required', 'input': {'message': 'Verification email sent successfully', 'user': <User(id=3994d36b-e88e-4a75-8274-8ec22186e49c, email=derekheart020@gmail.com, role=UserRole.superadmin)>}}
  {'type': 'missing', 'loc': ('response', 'first_name'), 'msg': 'Field required', 'input': {'message': 'Verification email sent successfully', 'user': <User(id=3994d36b-e88e-4a75-8274-8ec22186e49c, email=derekheart020@gmail.com, role=UserRole.superadmin)>}}
  {'type': 'missing', 'loc': ('response', 'last_name'), 'msg': 'Field required', 'input': {'message': 'Verification email sent successfully', 'user': <User(id=3994d36b-e88e-4a75-8274-8ec22186e49c, email=derekheart020@gmail.com, role=UserRole.superadmin)>}}
  {'type': 'missing', 'loc': ('response', 'is_verified'), 'msg': 'Field required', 'input': {'message': 'Verification email sent successfully', 'user': <User(id=3994d36b-e88e-4a75-8274-8ec22186e49c, email=derekheart020@gmail.com, role=UserRole.superadmin)>}}
  {'type': 'missing', 'loc': ('response', 'is_active'), 'msg': 'Field required', 'input': {'message': 'Verification email sent successfully', 'user': <User(id=3994d36b-e88e-4a75-8274-8ec22186e49c, email=derekheart020@gmail.com, role=UserRole.superadmin)>}}
  {'type': 'missing', 'loc': ('response', 'created_at'), 'msg': 'Field required', 'input': {'message': 'Verification email sent successfully', 'user': <User(id=3994d36b-e88e-4a75-8274-8ec22186e49c, email=derekheart020@gmail.com, role=UserRole.superadmin)>}}
  {'type': 'missing', 'loc': ('response', 'updated_at'), 'msg': 'Field required', 'input': {'message': 'Verification email sent successfully', 'user': <User(id=3994d36b-e88e-4a75-8274-8ec22186e49c, email=derekheart020@gmail.com, role=UserRole.superadmin)>}}
  {'type': 'missing', 'loc': ('response', 'role'), 'msg': 'Field required', 'input': {'message': 'Verification email sent successfully', 'user': <User(id=3994d36b-e88e-4a75-8274-8ec22186e49c, email=derekheart020@gmail.com, role=UserRole.superadmin)>}}
  {'type': 'missing', 'loc': ('response', 'books'), 'msg': 'Field required', 'input': {'message': 'Verification email sent successfully', 'user': <User(id=3994d36b-e88e-4a75-8274-8ec22186e49c, email=derekheart020@gmail.com, role=UserRole.superadmin)>}}

2025-11-13 16:22:15 | [32mINFO[0m | app:core/logger.py|log_with_context:211 | POST http://127.0.0.1:8000/api/v1/auth/signup - 500 (duration=1616.92 ms) | client=127.0.0.1
2025-11-13 16:22:15 | [31mERROR[0m | app:core/logger.py|log_exception:251 | Exception in UnhandledException: 11 validation errors:
  {'type': 'missing', 'loc': ('response', 'uid'), 'msg': 'Field required', 'input': {'message': 'Verification email sent successfully', 'user': <User(id=3994d36b-e88e-4a75-8274-8ec22186e49c, email=derekheart020@gmail.com, role=UserRole.superadmin)>}}
  {'type': 'missing', 'loc': ('response', 'username'), 'msg': 'Field required', 'input': {'message': 'Verification email sent successfully', 'user': <User(id=3994d36b-e88e-4a75-8274-8ec22186e49c, email=derekheart020@gmail.com, role=UserRole.superadmin)>}}
  {'type': 'missing', 'loc': ('response', 'email'), 'msg': 'Field required', 'input': {'message': 'Verification email sent successfully', 'user': <User(id=3994d36b-e88e-4a75-8274-8ec22186e49c, email=derekheart020@gmail.com, role=UserRole.superadmin)>}}
  {'type': 'missing', 'loc': ('response', 'first_name'), 'msg': 'Field required', 'input': {'message': 'Verification email sent successfully', 'user': <User(id=3994d36b-e88e-4a75-8274-8ec22186e49c, email=derekheart020@gmail.com, role=UserRole.superadmin)>}}
  {'type': 'missing', 'loc': ('response', 'last_name'), 'msg': 'Field required', 'input': {'message': 'Verification email sent successfully', 'user': <User(id=3994d36b-e88e-4a75-8274-8ec22186e49c, email=derekheart020@gmail.com, role=UserRole.superadmin)>}}
  {'type': 'missing', 'loc': ('response', 'is_verified'), 'msg': 'Field required', 'input': {'message': 'Verification email sent successfully', 'user': <User(id=3994d36b-e88e-4a75-8274-8ec22186e49c, email=derekheart020@gmail.com, role=UserRole.superadmin)>}}
  {'type': 'missing', 'loc': ('response', 'is_active'), 'msg': 'Field required', 'input': {'message': 'Verification email sent successfully', 'user': <User(id=3994d36b-e88e-4a75-8274-8ec22186e49c, email=derekheart020@gmail.com, role=UserRole.superadmin)>}}
  {'type': 'missing', 'loc': ('response', 'created_at'), 'msg': 'Field required', 'input': {'message': 'Verification email sent successfully', 'user': <User(id=3994d36b-e88e-4a75-8274-8ec22186e49c, email=derekheart020@gmail.com, role=UserRole.superadmin)>}}
  {'type': 'missing', 'loc': ('response', 'updated_at'), 'msg': 'Field required', 'input': {'message': 'Verification email sent successfully', 'user': <User(id=3994d36b-e88e-4a75-8274-8ec22186e49c, email=derekheart020@gmail.com, role=UserRole.superadmin)>}}
  {'type': 'missing', 'loc': ('response', 'role'), 'msg': 'Field required', 'input': {'message': 'Verification email sent successfully', 'user': <User(id=3994d36b-e88e-4a75-8274-8ec22186e49c, email=derekheart020@gmail.com, role=UserRole.superadmin)>}}
  {'type': 'missing', 'loc': ('response', 'books'), 'msg': 'Field required', 'input': {'message': 'Verification email sent successfully', 'user': <User(id=3994d36b-e88e-4a75-8274-8ec22186e49c, email=derekheart020@gmail.com, role=UserRole.superadmin)>}}
Traceback (most recent call last):
  File "/Users/aadarshkushwaha/Desktop/Study /PythonBackend/Bookly/.venv/lib/python3.13/site-packages/starlette/middleware/errors.py", line 164, in __call__
    await self.app(scope, receive, _send)
  File "/Users/aadarshkushwaha/Desktop/Study /PythonBackend/Bookly/.venv/lib/python3.13/site-packages/starlette/middleware/trustedhost.py", line 51, in __call__
    await self.app(scope, receive, send)
  File "/Users/aadarshkushwaha/Desktop/Study /PythonBackend/Bookly/.venv/lib/python3.13/site-packages/starlette/middleware/cors.py", line 85, in __call__
    await self.app(scope, receive, send)
  File "/Users/aadarshkushwaha/Desktop/Study /PythonBackend/Bookly/.venv/lib/python3.13/site-packages/starlette/middleware/base.py", line 191, in __call__
    with recv_stream, send_stream, collapse_excgroups():
                                   ~~~~~~~~~~~~~~~~~~^^
  File "/Users/aadarshkushwaha/.local/share/uv/python/cpython-3.13.7-macos-x86_64-none/lib/python3.13/contextlib.py", line 162, in __exit__
    self.gen.throw(value)
    ~~~~~~~~~~~~~~^^^^^^^
  File "/Users/aadarshkushwaha/Desktop/Study /PythonBackend/Bookly/.venv/lib/python3.13/site-packages/starlette/_utils.py", line 85, in collapse_excgroups
    raise exc
  File "/Users/aadarshkushwaha/Desktop/Study /PythonBackend/Bookly/.venv/lib/python3.13/site-packages/starlette/middleware/base.py", line 193, in __call__
    response = await self.dispatch_func(request, call_next)
               ^^^^^^^^^^^^^^^^^^^^^^^^^^^^^^^^^^^^^^^^^^^^
  File "/Users/aadarshkushwaha/Desktop/Study /PythonBackend/Bookly/app/core/middleware.py", line 21, in custom_http_logging
    response = await call_next(request)
               ^^^^^^^^^^^^^^^^^^^^^^^^
  File "/Users/aadarshkushwaha/Desktop/Study /PythonBackend/Bookly/.venv/lib/python3.13/site-packages/starlette/middleware/base.py", line 168, in call_next
    raise app_exc from app_exc.__cause__ or app_exc.__context__
  File "/Users/aadarshkushwaha/Desktop/Study /PythonBackend/Bookly/.venv/lib/python3.13/site-packages/starlette/middleware/base.py", line 144, in coro
    await self.app(scope, receive_or_disconnect, send_no_error)
  File "/Users/aadarshkushwaha/Desktop/Study /PythonBackend/Bookly/.venv/lib/python3.13/site-packages/starlette/middleware/exceptions.py", line 63, in __call__
    await wrap_app_handling_exceptions(self.app, conn)(scope, receive, send)
  File "/Users/aadarshkushwaha/Desktop/Study /PythonBackend/Bookly/.venv/lib/python3.13/site-packages/starlette/_exception_handler.py", line 53, in wrapped_app
    raise exc
  File "/Users/aadarshkushwaha/Desktop/Study /PythonBackend/Bookly/.venv/lib/python3.13/site-packages/starlette/_exception_handler.py", line 42, in wrapped_app
    await app(scope, receive, sender)
  File "/Users/aadarshkushwaha/Desktop/Study /PythonBackend/Bookly/.venv/lib/python3.13/site-packages/fastapi/middleware/asyncexitstack.py", line 18, in __call__
    await self.app(scope, receive, send)
  File "/Users/aadarshkushwaha/Desktop/Study /PythonBackend/Bookly/.venv/lib/python3.13/site-packages/starlette/routing.py", line 716, in __call__
    await self.middleware_stack(scope, receive, send)
  File "/Users/aadarshkushwaha/Desktop/Study /PythonBackend/Bookly/.venv/lib/python3.13/site-packages/starlette/routing.py", line 736, in app
    await route.handle(scope, receive, send)
  File "/Users/aadarshkushwaha/Desktop/Study /PythonBackend/Bookly/.venv/lib/python3.13/site-packages/starlette/routing.py", line 290, in handle
    await self.app(scope, receive, send)
  File "/Users/aadarshkushwaha/Desktop/Study /PythonBackend/Bookly/.venv/lib/python3.13/site-packages/fastapi/routing.py", line 124, in app
    await wrap_app_handling_exceptions(app, request)(scope, receive, send)
  File "/Users/aadarshkushwaha/Desktop/Study /PythonBackend/Bookly/.venv/lib/python3.13/site-packages/starlette/_exception_handler.py", line 53, in wrapped_app
    raise exc
  File "/Users/aadarshkushwaha/Desktop/Study /PythonBackend/Bookly/.venv/lib/python3.13/site-packages/starlette/_exception_handler.py", line 42, in wrapped_app
    await app(scope, receive, sender)
  File "/Users/aadarshkushwaha/Desktop/Study /PythonBackend/Bookly/.venv/lib/python3.13/site-packages/fastapi/routing.py", line 110, in app
    response = await f(request)
               ^^^^^^^^^^^^^^^^
  File "/Users/aadarshkushwaha/Desktop/Study /PythonBackend/Bookly/.venv/lib/python3.13/site-packages/fastapi/routing.py", line 412, in app
    content = await serialize_response(
              ^^^^^^^^^^^^^^^^^^^^^^^^^
    ...<9 lines>...
    )
    ^
  File "/Users/aadarshkushwaha/Desktop/Study /PythonBackend/Bookly/.venv/lib/python3.13/site-packages/fastapi/routing.py", line 253, in serialize_response
    raise ResponseValidationError(
        errors=_normalize_errors(errors), body=response_content
    )
fastapi.exceptions.ResponseValidationError: 11 validation errors:
  {'type': 'missing', 'loc': ('response', 'uid'), 'msg': 'Field required', 'input': {'message': 'Verification email sent successfully', 'user': <User(id=3994d36b-e88e-4a75-8274-8ec22186e49c, email=derekheart020@gmail.com, role=UserRole.superadmin)>}}
  {'type': 'missing', 'loc': ('response', 'username'), 'msg': 'Field required', 'input': {'message': 'Verification email sent successfully', 'user': <User(id=3994d36b-e88e-4a75-8274-8ec22186e49c, email=derekheart020@gmail.com, role=UserRole.superadmin)>}}
  {'type': 'missing', 'loc': ('response', 'email'), 'msg': 'Field required', 'input': {'message': 'Verification email sent successfully', 'user': <User(id=3994d36b-e88e-4a75-8274-8ec22186e49c, email=derekheart020@gmail.com, role=UserRole.superadmin)>}}
  {'type': 'missing', 'loc': ('response', 'first_name'), 'msg': 'Field required', 'input': {'message': 'Verification email sent successfully', 'user': <User(id=3994d36b-e88e-4a75-8274-8ec22186e49c, email=derekheart020@gmail.com, role=UserRole.superadmin)>}}
  {'type': 'missing', 'loc': ('response', 'last_name'), 'msg': 'Field required', 'input': {'message': 'Verification email sent successfully', 'user': <User(id=3994d36b-e88e-4a75-8274-8ec22186e49c, email=derekheart020@gmail.com, role=UserRole.superadmin)>}}
  {'type': 'missing', 'loc': ('response', 'is_verified'), 'msg': 'Field required', 'input': {'message': 'Verification email sent successfully', 'user': <User(id=3994d36b-e88e-4a75-8274-8ec22186e49c, email=derekheart020@gmail.com, role=UserRole.superadmin)>}}
  {'type': 'missing', 'loc': ('response', 'is_active'), 'msg': 'Field required', 'input': {'message': 'Verification email sent successfully', 'user': <User(id=3994d36b-e88e-4a75-8274-8ec22186e49c, email=derekheart020@gmail.com, role=UserRole.superadmin)>}}
  {'type': 'missing', 'loc': ('response', 'created_at'), 'msg': 'Field required', 'input': {'message': 'Verification email sent successfully', 'user': <User(id=3994d36b-e88e-4a75-8274-8ec22186e49c, email=derekheart020@gmail.com, role=UserRole.superadmin)>}}
  {'type': 'missing', 'loc': ('response', 'updated_at'), 'msg': 'Field required', 'input': {'message': 'Verification email sent successfully', 'user': <User(id=3994d36b-e88e-4a75-8274-8ec22186e49c, email=derekheart020@gmail.com, role=UserRole.superadmin)>}}
  {'type': 'missing', 'loc': ('response', 'role'), 'msg': 'Field required', 'input': {'message': 'Verification email sent successfully', 'user': <User(id=3994d36b-e88e-4a75-8274-8ec22186e49c, email=derekheart020@gmail.com, role=UserRole.superadmin)>}}
  {'type': 'missing', 'loc': ('response', 'books'), 'msg': 'Field required', 'input': {'message': 'Verification email sent successfully', 'user': <User(id=3994d36b-e88e-4a75-8274-8ec22186e49c, email=derekheart020@gmail.com, role=UserRole.superadmin)>}}

2025-11-13 16:27:39 | [32mINFO[0m | app:app/main.py|create_app:79 | âœ… Application initialized ....!!!!
2025-11-13 16:29:23 | [32mINFO[0m | app:app/main.py|create_app:79 | âœ… Application initialized ....!!!!
2025-11-13 16:36:29 | [32mINFO[0m | app:app/main.py|create_app:79 | âœ… Application initialized ....!!!!
2025-11-13 19:11:27 | [32mINFO[0m | app:app/main.py|create_app:79 | âœ… Application initialized ....!!!!
2025-11-13 19:11:39 | [32mINFO[0m | app:app/main.py|create_app:79 | âœ… Application initialized ....!!!!
2025-11-13 19:12:07 | [32mINFO[0m | app:app/main.py|create_app:79 | âœ… Application initialized ....!!!!
2025-11-13 19:12:36 | [32mINFO[0m | app:app/main.py|create_app:79 | âœ… Application initialized ....!!!!
2025-11-13 19:12:57 | [32mINFO[0m | app:app/main.py|create_app:79 | âœ… Application initialized ....!!!!
2025-11-13 19:13:06 | [32mINFO[0m | app:app/main.py|create_app:79 | âœ… Application initialized ....!!!!
2025-11-13 19:14:39 | [32mINFO[0m | app:app/main.py|create_app:79 | âœ… Application initialized ....!!!!
2025-11-13 19:14:48 | [32mINFO[0m | app:app/main.py|create_app:79 | âœ… Application initialized ....!!!!
2025-11-13 19:14:56 | [32mINFO[0m | app:app/main.py|create_app:79 | âœ… Application initialized ....!!!!
2025-11-13 19:15:15 | [32mINFO[0m | app:app/main.py|create_app:79 | âœ… Application initialized ....!!!!
2025-11-13 19:15:23 | [32mINFO[0m | app:app/main.py|create_app:79 | âœ… Application initialized ....!!!!
2025-11-13 19:15:30 | [32mINFO[0m | app:app/main.py|create_app:79 | âœ… Application initialized ....!!!!
2025-11-13 19:15:47 | [32mINFO[0m | app:app/main.py|create_app:79 | âœ… Application initialized ....!!!!
2025-11-13 19:15:55 | [32mINFO[0m | app:app/main.py|create_app:79 | âœ… Application initialized ....!!!!
2025-11-13 19:16:22 | [32mINFO[0m | app:app/main.py|create_app:79 | âœ… Application initialized ....!!!!
2025-11-13 19:17:47 | [32mINFO[0m | app:app/main.py|create_app:79 | âœ… Application initialized ....!!!!
2025-11-13 19:17:56 | [32mINFO[0m | app:app/main.py|create_app:79 | âœ… Application initialized ....!!!!
2025-11-13 19:18:50 | [32mINFO[0m | app:core/logger.py|log_with_context:211 | POST http://127.0.0.1:8000/api/v1/auth/signup - 201 (duration=1269.74 ms) | client=127.0.0.1
2025-11-13 19:21:07 | [32mINFO[0m | app:app/main.py|create_app:79 | âœ… Application initialized ....!!!!
2025-11-13 19:36:08 | [32mINFO[0m | app:app/main.py|create_app:79 | âœ… Application initialized ....!!!!
2025-11-13 19:36:16 | [32mINFO[0m | app:app/main.py|create_app:79 | âœ… Application initialized ....!!!!
2025-11-13 19:38:07 | [32mINFO[0m | app:app/main.py|create_app:79 | âœ… Application initialized ....!!!!
2025-11-13 19:40:45 | [32mINFO[0m | app:app/main.py|create_app:79 | âœ… Application initialized ....!!!!
2025-11-13 19:41:02 | [32mINFO[0m | app:core/logger.py|log_with_context:211 | POST http://127.0.0.1:8000/api/v1/auth/signup - 201 (duration=1118.26 ms) | client=127.0.0.1
2025-11-13 19:45:54 | [32mINFO[0m | app:app/main.py|create_app:79 | âœ… Application initialized ....!!!!
2025-11-13 19:50:13 | [32mINFO[0m | app:app/main.py|create_app:79 | âœ… Application initialized ....!!!!
2025-11-13 19:52:15 | [32mINFO[0m | app:core/logger.py|log_with_context:211 | GET http://127.0.0.1:8000/api/v1/auth/verify-email/eyJlbWFpbCI6ImRlcmVraGVhcnQwMjBAZ21haWwuY29tIn0.aRY0TQ.a_U5wwrod2gSevWmdSka9dVcPEY - 404 (duration=1.51 ms) | client=127.0.0.1
2025-11-13 19:52:15 | [32mINFO[0m | app:core/logger.py|log_with_context:211 | GET http://127.0.0.1:8000/favicon.ico - 404 (duration=0.37 ms) | client=127.0.0.1
2025-11-13 19:52:51 | [32mINFO[0m | app:core/logger.py|log_with_context:211 | GET http://localhost:8000/api/v1/auth/verify-email/eyJlbWFpbCI6ImRlcmVraGVhcnQwMjBAZ21haWwuY29tIn0.aRY0TQ.a_U5wwrod2gSevWmdSka9dVcPEY - 404 (duration=0.41 ms) | client=127.0.0.1
2025-11-13 19:52:51 | [32mINFO[0m | app:core/logger.py|log_with_context:211 | GET http://localhost:8000/favicon.ico - 404 (duration=0.39 ms) | client=127.0.0.1
2025-11-13 19:53:19 | [32mINFO[0m | app:app/main.py|create_app:79 | âœ… Application initialized ....!!!!
2025-11-13 19:53:54 | [32mINFO[0m | app:app/main.py|create_app:79 | âœ… Application initialized ....!!!!
2025-11-13 19:54:38 | [32mINFO[0m | app:app/main.py|create_app:79 | âœ… Application initialized ....!!!!
2025-11-13 20:02:37 | [32mINFO[0m | app:app/main.py|create_app:79 | âœ… Application initialized ....!!!!
2025-11-13 20:03:03 | [32mINFO[0m | app:app/main.py|create_app:79 | âœ… Application initialized ....!!!!
2025-11-13 20:03:26 | [32mINFO[0m | app:app/main.py|create_app:79 | âœ… Application initialized ....!!!!
2025-11-13 20:04:01 | [32mINFO[0m | app:app/main.py|create_app:79 | âœ… Application initialized ....!!!!
2025-11-13 20:04:28 | [32mINFO[0m | app:app/main.py|create_app:79 | âœ… Application initialized ....!!!!
2025-11-13 20:04:47 | [32mINFO[0m | app:app/main.py|create_app:79 | âœ… Application initialized ....!!!!
2025-11-13 20:07:41 | [32mINFO[0m | app:app/main.py|create_app:79 | âœ… Application initialized ....!!!!
2025-11-13 20:09:37 | [32mINFO[0m | app:app/main.py|create_app:79 | âœ… Application initialized ....!!!!
2025-11-13 20:11:29 | [32mINFO[0m | app:app/main.py|create_app:79 | âœ… Application initialized ....!!!!
2025-11-13 20:11:42 | [32mINFO[0m | app:app/main.py|create_app:79 | âœ… Application initialized ....!!!!
2025-11-13 20:11:49 | [32mINFO[0m | app:app/main.py|create_app:79 | âœ… Application initialized ....!!!!
2025-11-13 20:12:24 | [32mINFO[0m | app:app/main.py|create_app:79 | âœ… Application initialized ....!!!!
2025-11-13 20:12:34 | [32mINFO[0m | app:app/main.py|create_app:79 | âœ… Application initialized ....!!!!
2025-11-13 20:16:24 | [32mINFO[0m | app:app/main.py|create_app:79 | âœ… Application initialized ....!!!!
2025-11-13 20:16:46 | [32mINFO[0m | app:app/main.py|create_app:79 | âœ… Application initialized ....!!!!
2025-11-13 20:17:26 | [32mINFO[0m | app:app/main.py|create_app:79 | âœ… Application initialized ....!!!!
2025-11-13 20:17:42 | [32mINFO[0m | app:app/main.py|create_app:79 | âœ… Application initialized ....!!!!
2025-11-13 20:17:53 | [32mINFO[0m | app:app/main.py|create_app:79 | âœ… Application initialized ....!!!!
2025-11-13 20:22:22 | [32mINFO[0m | app:app/main.py|create_app:79 | âœ… Application initialized ....!!!!
2025-11-13 20:24:07 | [32mINFO[0m | app:app/main.py|create_app:79 | âœ… Application initialized ....!!!!
2025-11-13 20:24:42 | [32mINFO[0m | app:app/main.py|create_app:79 | âœ… Application initialized ....!!!!
2025-11-13 20:26:47 | [32mINFO[0m | app:app/main.py|create_app:79 | âœ… Application initialized ....!!!!
2025-11-13 20:27:00 | [32mINFO[0m | app:core/logger.py|log_with_context:211 | GET http://localhost:8000/api/v1/auth/verify-email/eyJlbWFpbCI6ImRlcmVraGVhcnQwMjBAZ21haWwuY29tIn0.aRY0TQ.a_U5wwrod2gSevWmdSka9dVcPEY - 404 (duration=0.39 ms) | client=127.0.0.1
2025-11-13 20:27:39 | [32mINFO[0m | app:core/logger.py|log_with_context:211 | GET http://127.0.0.1:8000/api/v1/docs - 200 (duration=0.38 ms) | client=127.0.0.1
2025-11-13 20:27:39 | [32mINFO[0m | app:core/logger.py|log_with_context:211 | GET http://127.0.0.1:8000/api/v1/openapi.json - 200 (duration=67.8 ms) | client=127.0.0.1
2025-11-13 22:01:25 | [32mINFO[0m | app:core/logger.py|log_with_context:211 | GET http://127.0.0.1:8000/api/v1/auth/verify-email/eyJlbWFpbCI6ImRlcmVraGVhcnQwMjBAZ21haWwuY29tIn0.aRY0TQ.a_U5wwrod2gSevWmdSka9dVcPEY - 404 (duration=0.37 ms) | client=127.0.0.1
2025-11-13 22:02:29 | [32mINFO[0m | app:core/logger.py|log_with_context:211 | GET http://127.0.0.1:8000/api/v1/auth/verify_email/eyJlbWFpbCI6ImRlcmVraGVhcnQwMjBAZ21haWwuY29tIn0.aRY0TQ.a_U5wwrod2gSevWmdSka9dVcPEY - 200 (duration=2.02 ms) | client=127.0.0.1
2025-11-13 22:03:15 | [32mINFO[0m | app:core/logger.py|log_with_context:211 | GET http://127.0.0.1:8000/api/v1/auth/verify-email/eyJlbWFpbCI6ImRlcmVraGVhcnQwMjBAZ21haWwuY29tIn0.aRY0TQ.a_U5wwrod2gSevWmdSka9dVcPEY - 404 (duration=0.4 ms) | client=127.0.0.1
2025-11-13 22:04:08 | [32mINFO[0m | app:core/logger.py|log_with_context:211 | GET http://127.0.0.1:8000/api/v1/auth/verify-email/ - 404 (duration=0.4 ms) | client=127.0.0.1
2025-11-13 22:04:29 | [32mINFO[0m | app:core/logger.py|log_with_context:211 | GET http://127.0.0.1:8000/api/v1/auth/verify-email/eyJlbWFpbCI6ImRlcmVraGVhcnQwMjBAZ21haWwuY29tIn0.aRY0TQ.a_U5wwrod2gSevWmdSka9dVcPEY - 404 (duration=0.27 ms) | client=127.0.0.1
2025-11-13 22:06:59 | [32mINFO[0m | app:app/main.py|create_app:79 | âœ… Application initialized ....!!!!
2025-11-13 22:07:49 | [32mINFO[0m | app:app/main.py|create_app:79 | âœ… Application initialized ....!!!!
2025-11-13 22:07:56 | [32mINFO[0m | app:app/main.py|create_app:79 | âœ… Application initialized ....!!!!
2025-11-13 22:08:13 | [32mINFO[0m | app:app/main.py|create_app:79 | âœ… Application initialized ....!!!!
2025-11-13 22:08:21 | [32mINFO[0m | app:app/main.py|create_app:79 | âœ… Application initialized ....!!!!
2025-11-13 22:08:28 | [32mINFO[0m | app:app/main.py|create_app:79 | âœ… Application initialized ....!!!!
2025-11-13 22:08:47 | [32mINFO[0m | app:app/main.py|create_app:79 | âœ… Application initialized ....!!!!
2025-11-13 22:08:54 | [32mINFO[0m | app:app/main.py|create_app:79 | âœ… Application initialized ....!!!!
2025-11-13 22:10:27 | [32mINFO[0m | app:app/main.py|create_app:79 | âœ… Application initialized ....!!!!
2025-11-13 22:10:38 | [32mINFO[0m | app:app/main.py|create_app:79 | âœ… Application initialized ....!!!!
2025-11-13 22:11:06 | [32mINFO[0m | app:app/main.py|create_app:79 | âœ… Application initialized ....!!!!
2025-11-13 22:11:14 | [32mINFO[0m | app:app/main.py|create_app:79 | âœ… Application initialized ....!!!!
2025-11-13 22:11:41 | [32mINFO[0m | app:app/main.py|create_app:79 | âœ… Application initialized ....!!!!
2025-11-13 22:11:51 | [32mINFO[0m | app:app/main.py|create_app:79 | âœ… Application initialized ....!!!!
2025-11-13 22:12:18 | [32mINFO[0m | app:app/main.py|create_app:79 | âœ… Application initialized ....!!!!
2025-11-13 22:12:45 | [32mINFO[0m | app:app/main.py|create_app:79 | âœ… Application initialized ....!!!!
2025-11-13 22:13:09 | [33mWARNING[0m | app:core/logger.py|log_with_context:211 | Handled BookApiException: invalid_token
2025-11-13 22:13:09 | [31mERROR[0m | app:core/logger.py|log_exception:251 | Exception in InvalidToken: Token is invalid or expired
Traceback (most recent call last):
  File "/Users/aadarshkushwaha/Desktop/Study /PythonBackend/Bookly/.venv/lib/python3.13/site-packages/starlette/_exception_handler.py", line 42, in wrapped_app
    await app(scope, receive, sender)
  File "/Users/aadarshkushwaha/Desktop/Study /PythonBackend/Bookly/.venv/lib/python3.13/site-packages/fastapi/routing.py", line 110, in app
    response = await f(request)
               ^^^^^^^^^^^^^^^^
  File "/Users/aadarshkushwaha/Desktop/Study /PythonBackend/Bookly/.venv/lib/python3.13/site-packages/fastapi/routing.py", line 390, in app
    raw_response = await run_endpoint_function(
                   ^^^^^^^^^^^^^^^^^^^^^^^^^^^^
    ...<3 lines>...
    )
    ^
  File "/Users/aadarshkushwaha/Desktop/Study /PythonBackend/Bookly/.venv/lib/python3.13/site-packages/fastapi/routing.py", line 289, in run_endpoint_function
    return await dependant.call(**values)
           ^^^^^^^^^^^^^^^^^^^^^^^^^^^^^^
  File "/Users/aadarshkushwaha/Desktop/Study /PythonBackend/Bookly/app/auth/routes.py", line 58, in verify_email
    return await auth_service.verify_email_token(token)
           ^^^^^^^^^^^^^^^^^^^^^^^^^^^^^^^^^^^^^^^^^^^^
  File "/Users/aadarshkushwaha/Desktop/Study /PythonBackend/Bookly/app/auth/service.py", line 149, in verify_email_token
    raise InvalidToken(details=payload)
app.shared.exception_handlers.InvalidToken: Token is invalid or expired
2025-11-13 22:13:09 | [32mINFO[0m | app:core/logger.py|log_with_context:211 | GET http://127.0.0.1:8000/api/v1/auth/verify_email/eyJlbWFpbCI6ImRlcmVraGVhcnQwMjBAZ21haWwuY29tIn0.aRY0TQ.a_U5wwrod2gSevWmdSka9dVcPEY - 401 (duration=6.98 ms) | client=127.0.0.1
2025-11-13 22:14:03 | [32mINFO[0m | app:app/main.py|create_app:79 | âœ… Application initialized ....!!!!
2025-11-13 22:14:15 | [33mWARNING[0m | app:core/logger.py|log_with_context:211 | Handled BookApiException: invalid_token
2025-11-13 22:14:15 | [31mERROR[0m | app:core/logger.py|log_exception:251 | Exception in InvalidToken: Token is invalid or expired
Traceback (most recent call last):
  File "/Users/aadarshkushwaha/Desktop/Study /PythonBackend/Bookly/.venv/lib/python3.13/site-packages/starlette/_exception_handler.py", line 42, in wrapped_app
    await app(scope, receive, sender)
  File "/Users/aadarshkushwaha/Desktop/Study /PythonBackend/Bookly/.venv/lib/python3.13/site-packages/fastapi/routing.py", line 110, in app
    response = await f(request)
               ^^^^^^^^^^^^^^^^
  File "/Users/aadarshkushwaha/Desktop/Study /PythonBackend/Bookly/.venv/lib/python3.13/site-packages/fastapi/routing.py", line 390, in app
    raw_response = await run_endpoint_function(
                   ^^^^^^^^^^^^^^^^^^^^^^^^^^^^
    ...<3 lines>...
    )
    ^
  File "/Users/aadarshkushwaha/Desktop/Study /PythonBackend/Bookly/.venv/lib/python3.13/site-packages/fastapi/routing.py", line 289, in run_endpoint_function
    return await dependant.call(**values)
           ^^^^^^^^^^^^^^^^^^^^^^^^^^^^^^
  File "/Users/aadarshkushwaha/Desktop/Study /PythonBackend/Bookly/app/auth/routes.py", line 58, in verify_email
    return await auth_service.verify_email_token(token)
           ^^^^^^^^^^^^^^^^^^^^^^^^^^^^^^^^^^^^^^^^^^^^
  File "/Users/aadarshkushwaha/Desktop/Study /PythonBackend/Bookly/app/auth/service.py", line 149, in verify_email_token
    raise InvalidToken(details=payload)
app.shared.exception_handlers.InvalidToken: Token is invalid or expired
2025-11-13 22:14:15 | [32mINFO[0m | app:core/logger.py|log_with_context:211 | GET http://127.0.0.1:8000/api/v1/auth/verify_email/eyJlbWFpbCI6ImRlcmVraGVhcnQwMjBAZ21haWwuY29tIn0.aRY0TQ.a_U5wwrod2gSevWmdSka9dVcPEY - 401 (duration=6.33 ms) | client=127.0.0.1
2025-11-13 22:14:41 | [32mINFO[0m | app:app/main.py|create_app:79 | âœ… Application initialized ....!!!!
2025-11-13 22:15:02 | [32mINFO[0m | app:core/logger.py|log_with_context:211 | GET http://127.0.0.1:8000/api/v1/docs - 200 (duration=0.4 ms) | client=127.0.0.1
2025-11-13 22:15:02 | [32mINFO[0m | app:core/logger.py|log_with_context:211 | GET http://127.0.0.1:8000/api/v1/openapi.json - 200 (duration=58.44 ms) | client=127.0.0.1
2025-11-13 22:15:10 | [32mINFO[0m | app:core/logger.py|log_with_context:211 | GET http://127.0.0.1:8000/api/v1/auth/verify_email/eyJlbWFpbCI6ImRlcmVraGVhcnQwMjBAZ21haWwuY29tIn0.aRY0TQ.a_U5wwrod2gSevWmdSka9dVcPEY - 200 (duration=48.07 ms) | client=127.0.0.1
2025-11-13 22:16:29 | [32mINFO[0m | app:core/logger.py|log_with_context:211 | POST http://127.0.0.1:8000/api/v1/auth/signup - 201 (duration=1233.61 ms) | client=127.0.0.1
2025-11-13 22:16:44 | [32mINFO[0m | app:core/logger.py|log_with_context:211 | GET http://localhost:8000/api/v1/auth/verify-email/eyJlbWFpbCI6ImRlcmVraGVhcnQwMjBAZ21haWwuY29tIn0.aRZYvA.qfXd_YBibAxcmezRi20tmNNtsiE - 404 (duration=1.18 ms) | client=127.0.0.1
2025-11-13 22:17:07 | [32mINFO[0m | app:core/logger.py|log_with_context:211 | GET http://localhost:8000/api/v1/auth/verify-email/eyJlbWFpbCI6ImRlcmVraGVhcnQwMjBAZ21haWwuY29tIn0.aRZYvA.qfXd_YBibAxcmezRi20tmNNtsiE - 404 (duration=0.38 ms) | client=127.0.0.1
2025-11-13 22:18:31 | [32mINFO[0m | app:core/logger.py|log_with_context:211 | GET http://127.0.0.1:8000/api/v1/auth/verify_email/eyJlbWFpbCI6ImRlcmVraGVhcnQwMjBAZ21haWwuY29tIn0.aRY0TQ.a_U5wwrod2gSevWmdSka9dVcPEY - 200 (duration=38.13 ms) | client=127.0.0.1
2025-11-13 22:19:59 | [32mINFO[0m | app:core/logger.py|log_with_context:211 | GET http://localhost:8000/api/v1/auth/verify-email/eyJlbWFpbCI6ImRlcmVraGVhcnQwMjBAZ21haWwuY29tIn0.aRZYvA.qfXd_YBibAxcmezRi20tmNNtsiE - 404 (duration=0.58 ms) | client=127.0.0.1
2025-11-13 22:22:08 | [32mINFO[0m | app:core/logger.py|log_with_context:211 | GET http://localhost:8000/api/v1/auth/verify-email/eyJlbWFpbCI6ImRlcmVraGVhcnQwMjBAZ21haWwuY29tIn0.aRZYvA.qfXd_YBibAxcmezRi20tmNNtsiE - 404 (duration=0.37 ms) | client=127.0.0.1
2025-11-13 22:22:52 | [32mINFO[0m | app:core/logger.py|log_with_context:211 | GET http://localhost:8000/api/v1/auth/verify_email/eyJlbWFpbCI6ImRlcmVraGVhcnQwMjBAZ21haWwuY29tIn0.aRY0TQ.a_U5wwrod2gSevWmdSka9dVcPEY - 200 (duration=4.29 ms) | client=127.0.0.1
2025-11-13 22:25:36 | [32mINFO[0m | app:app/main.py|create_app:79 | âœ… Application initialized ....!!!!
2025-11-13 22:25:39 | [33mWARNING[0m | app:core/logger.py|log_with_context:211 | Handled BookApiException: user_exists
2025-11-13 22:25:39 | [31mERROR[0m | app:core/logger.py|log_exception:251 | Exception in UserAlreadyExists: User with email already exists
Traceback (most recent call last):
  File "/Users/aadarshkushwaha/Desktop/Study /PythonBackend/Bookly/.venv/lib/python3.13/site-packages/starlette/_exception_handler.py", line 42, in wrapped_app
    await app(scope, receive, sender)
  File "/Users/aadarshkushwaha/Desktop/Study /PythonBackend/Bookly/.venv/lib/python3.13/site-packages/fastapi/routing.py", line 110, in app
    response = await f(request)
               ^^^^^^^^^^^^^^^^
  File "/Users/aadarshkushwaha/Desktop/Study /PythonBackend/Bookly/.venv/lib/python3.13/site-packages/fastapi/routing.py", line 390, in app
    raw_response = await run_endpoint_function(
                   ^^^^^^^^^^^^^^^^^^^^^^^^^^^^
    ...<3 lines>...
    )
    ^
  File "/Users/aadarshkushwaha/Desktop/Study /PythonBackend/Bookly/.venv/lib/python3.13/site-packages/fastapi/routing.py", line 289, in run_endpoint_function
    return await dependant.call(**values)
           ^^^^^^^^^^^^^^^^^^^^^^^^^^^^^^
  File "/Users/aadarshkushwaha/Desktop/Study /PythonBackend/Bookly/app/auth/routes.py", line 37, in signup
    raise UserAlreadyExists(details={"email": form_data.email})
app.shared.exception_handlers.UserAlreadyExists: User with email already exists
2025-11-13 22:25:39 | [32mINFO[0m | app:core/logger.py|log_with_context:211 | POST http://127.0.0.1:8000/api/v1/auth/signup - 403 (duration=42.95 ms) | client=127.0.0.1
2025-11-13 22:26:15 | [32mINFO[0m | app:core/logger.py|log_with_context:211 | POST http://127.0.0.1:8000/api/v1/auth/signup - 201 (duration=3078.71 ms) | client=127.0.0.1
2025-11-13 22:26:31 | [32mINFO[0m | app:core/logger.py|log_with_context:211 | GET http://localhost:8000/api/v1/auth/verify_email/eyJlbWFpbCI6ImRlcmVraGVhcnQwMjBAZ21haWwuY29tIn0.aRZbBA.JTOt52SXI6vCBaQQUIdEx9fPCwg - 200 (duration=19.76 ms) | client=127.0.0.1
2025-11-13 22:27:08 | [32mINFO[0m | app:core/logger.py|log_with_context:211 | POST http://127.0.0.1:8000/api/v1/auth/signup - 201 (duration=910.84 ms) | client=127.0.0.1
2025-11-13 22:27:33 | [32mINFO[0m | app:core/logger.py|log_with_context:211 | GET http://localhost:8000/api/v1/auth/verify_email/eyJlbWFpbCI6ImRlcmVraGVhcnQwMjBAZ21haWwuY29tIn0.aRZbOw.KOZv03Q2-QO8yaDEve9qwk4MgQI - 200 (duration=10.1 ms) | client=127.0.0.1
