2025-11-09 00:00:01 | [32mINFO[0m | app:app/main.py|create_app:74 | âœ… Application initialized ....!!!!
2025-11-09 00:00:12 | [32mINFO[0m | app:app/main.py|create_app:74 | âœ… Application initialized ....!!!!
2025-11-09 00:02:52 | [32mINFO[0m | app:app/main.py|create_app:74 | âœ… Application initialized ....!!!!
2025-11-09 00:03:02 | [32mINFO[0m | app:app/main.py|create_app:74 | âœ… Application initialized ....!!!!
2025-11-09 00:03:16 | [32mINFO[0m | app:app/main.py|create_app:74 | âœ… Application initialized ....!!!!
2025-11-09 00:03:24 | [32mINFO[0m | app:app/main.py|create_app:74 | âœ… Application initialized ....!!!!
2025-11-09 00:03:47 | [32mINFO[0m | app:app/main.py|create_app:74 | âœ… Application initialized ....!!!!
2025-11-09 00:04:02 | [32mINFO[0m | app:app/main.py|create_app:74 | âœ… Application initialized ....!!!!
2025-11-09 00:04:07 | [32mINFO[0m | app:app/main.py|create_app:74 | âœ… Application initialized ....!!!!
2025-11-09 00:04:20 | [32mINFO[0m | app:app/main.py|create_app:74 | âœ… Application initialized ....!!!!
2025-11-09 00:04:31 | [32mINFO[0m | app:app/main.py|create_app:74 | âœ… Application initialized ....!!!!
2025-11-09 00:04:41 | [32mINFO[0m | app:app/main.py|create_app:74 | âœ… Application initialized ....!!!!
2025-11-09 00:04:51 | [32mINFO[0m | app:app/main.py|create_app:74 | âœ… Application initialized ....!!!!
2025-11-09 00:04:59 | [32mINFO[0m | app:app/main.py|create_app:74 | âœ… Application initialized ....!!!!
2025-11-09 00:05:07 | [32mINFO[0m | app:app/main.py|create_app:74 | âœ… Application initialized ....!!!!
2025-11-09 00:05:19 | [32mINFO[0m | app:app/main.py|create_app:74 | âœ… Application initialized ....!!!!
2025-11-09 00:05:28 | [32mINFO[0m | app:app/main.py|create_app:74 | âœ… Application initialized ....!!!!
2025-11-09 00:05:43 | [32mINFO[0m | app:app/main.py|create_app:74 | âœ… Application initialized ....!!!!
2025-11-09 00:05:50 | [32mINFO[0m | app:app/main.py|create_app:74 | âœ… Application initialized ....!!!!
2025-11-09 00:05:59 | [32mINFO[0m | app:app/main.py|create_app:74 | âœ… Application initialized ....!!!!
2025-11-09 00:06:16 | [32mINFO[0m | app:app/main.py|create_app:74 | âœ… Application initialized ....!!!!
2025-11-09 00:06:28 | [32mINFO[0m | app:app/main.py|create_app:74 | âœ… Application initialized ....!!!!
2025-11-09 00:06:58 | [32mINFO[0m | app:app/main.py|create_app:74 | âœ… Application initialized ....!!!!
2025-11-09 00:08:42 | [32mINFO[0m | app:app/main.py|create_app:74 | âœ… Application initialized ....!!!!
2025-11-09 00:08:50 | [32mINFO[0m | app:app/main.py|create_app:74 | âœ… Application initialized ....!!!!
2025-11-09 00:09:00 | [32mINFO[0m | app:app/main.py|create_app:74 | âœ… Application initialized ....!!!!
2025-11-09 00:09:08 | [32mINFO[0m | app:app/main.py|create_app:74 | âœ… Application initialized ....!!!!
2025-11-09 00:09:15 | [32mINFO[0m | app:app/main.py|create_app:74 | âœ… Application initialized ....!!!!
2025-11-09 00:09:25 | [32mINFO[0m | app:app/main.py|create_app:74 | âœ… Application initialized ....!!!!
2025-11-09 00:09:41 | [32mINFO[0m | app:app/main.py|create_app:74 | âœ… Application initialized ....!!!!
2025-11-09 00:10:10 | [32mINFO[0m | app:app/main.py|create_app:74 | âœ… Application initialized ....!!!!
2025-11-09 00:11:10 | [32mINFO[0m | app:app/main.py|create_app:74 | âœ… Application initialized ....!!!!
2025-11-09 00:11:30 | [32mINFO[0m | app:app/main.py|create_app:74 | âœ… Application initialized ....!!!!
2025-11-09 00:21:34 | [32mINFO[0m | app:app/main.py|create_app:75 | âœ… Application initialized ....!!!!
2025-11-09 00:22:22 | [32mINFO[0m | app:app/main.py|create_app:75 | âœ… Application initialized ....!!!!
2025-11-09 00:22:28 | [32mINFO[0m | app:app/main.py|create_app:75 | âœ… Application initialized ....!!!!
2025-11-09 00:22:39 | [32mINFO[0m | app:app/main.py|create_app:75 | âœ… Application initialized ....!!!!
2025-11-09 00:22:52 | [31mERROR[0m | app:core/logger.py|log_exception:226 | Exception in RequestValidationError: [{'type': 'uuid_parsing', 'loc': ('path', 'book_id'), 'msg': 'Input should be a valid UUID, invalid group length in group 4: expected 12, found 11', 'input': '8c5b64aa-8378-4cf5-b721-6d87df8bc93', 'ctx': {'error': 'invalid group length in group 4: expected 12, found 11'}}]
Traceback (most recent call last):
  File "/Users/aadarshkushwaha/Desktop/Study /PythonBackend/Bookly/.venv/lib/python3.13/site-packages/starlette/_exception_handler.py", line 42, in wrapped_app
    await app(scope, receive, sender)
  File "/Users/aadarshkushwaha/Desktop/Study /PythonBackend/Bookly/.venv/lib/python3.13/site-packages/fastapi/routing.py", line 110, in app
    response = await f(request)
               ^^^^^^^^^^^^^^^^
  File "/Users/aadarshkushwaha/Desktop/Study /PythonBackend/Bookly/.venv/lib/python3.13/site-packages/fastapi/routing.py", line 431, in app
    raise validation_error
fastapi.exceptions.RequestValidationError: [{'type': 'uuid_parsing', 'loc': ('path', 'book_id'), 'msg': 'Input should be a valid UUID, invalid group length in group 4: expected 12, found 11', 'input': '8c5b64aa-8378-4cf5-b721-6d87df8bc93', 'ctx': {'error': 'invalid group length in group 4: expected 12, found 11'}}]
2025-11-09 00:24:02 | [32mINFO[0m | app:core/logger.py|log_with_context:190 | HTTPException raised
2025-11-09 00:25:30 | [32mINFO[0m | app:app/main.py|create_app:75 | âœ… Application initialized ....!!!!
2025-11-09 00:25:55 | [31mERROR[0m | app:core/logger.py|log_exception:226 | Exception in BookApiException: DELETE /api/v1/books/8c5b64aa-8378-4cf5-b721-6d87df8bc936: Book not found
Traceback (most recent call last):
  File "/Users/aadarshkushwaha/Desktop/Study /PythonBackend/Bookly/.venv/lib/python3.13/site-packages/starlette/_exception_handler.py", line 42, in wrapped_app
    await app(scope, receive, sender)
  File "/Users/aadarshkushwaha/Desktop/Study /PythonBackend/Bookly/.venv/lib/python3.13/site-packages/fastapi/routing.py", line 110, in app
    response = await f(request)
               ^^^^^^^^^^^^^^^^
  File "/Users/aadarshkushwaha/Desktop/Study /PythonBackend/Bookly/.venv/lib/python3.13/site-packages/fastapi/routing.py", line 390, in app
    raw_response = await run_endpoint_function(
                   ^^^^^^^^^^^^^^^^^^^^^^^^^^^^
    ...<3 lines>...
    )
    ^
  File "/Users/aadarshkushwaha/Desktop/Study /PythonBackend/Bookly/.venv/lib/python3.13/site-packages/fastapi/routing.py", line 289, in run_endpoint_function
    return await dependant.call(**values)
           ^^^^^^^^^^^^^^^^^^^^^^^^^^^^^^
  File "/Users/aadarshkushwaha/Desktop/Study /PythonBackend/Bookly/app/books/routes.py", line 74, in delete_a_book
    success = await service.delete_book(book_id)
              ^^^^^^^^^^^^^^^^^^^^^^^^^^^^^^^^^^
  File "/Users/aadarshkushwaha/Desktop/Study /PythonBackend/Bookly/app/books/service.py", line 43, in delete_book
    raise BookNotFound(message="Book not found", details={"book_id": str(book_id)})
app.shared.exception_handlers.BookNotFound: Book not found
2025-11-09 00:25:55 | [33mWARNING[0m | app:core/logger.py|log_with_context:190 | Handled BookApiException: book_not_found
2025-11-09 00:27:36 | [32mINFO[0m | app:app/main.py|create_app:75 | âœ… Application initialized ....!!!!
2025-11-09 00:27:39 | [31mERROR[0m | app:core/logger.py|log_exception:226 | Exception in BookApiException: DELETE /api/v1/books/8c5b64aa-8378-4cf5-b721-6d87df8bc936: Book not found
Traceback (most recent call last):
  File "/Users/aadarshkushwaha/Desktop/Study /PythonBackend/Bookly/.venv/lib/python3.13/site-packages/starlette/_exception_handler.py", line 42, in wrapped_app
    await app(scope, receive, sender)
  File "/Users/aadarshkushwaha/Desktop/Study /PythonBackend/Bookly/.venv/lib/python3.13/site-packages/fastapi/routing.py", line 110, in app
    response = await f(request)
               ^^^^^^^^^^^^^^^^
  File "/Users/aadarshkushwaha/Desktop/Study /PythonBackend/Bookly/.venv/lib/python3.13/site-packages/fastapi/routing.py", line 390, in app
    raw_response = await run_endpoint_function(
                   ^^^^^^^^^^^^^^^^^^^^^^^^^^^^
    ...<3 lines>...
    )
    ^
  File "/Users/aadarshkushwaha/Desktop/Study /PythonBackend/Bookly/.venv/lib/python3.13/site-packages/fastapi/routing.py", line 289, in run_endpoint_function
    return await dependant.call(**values)
           ^^^^^^^^^^^^^^^^^^^^^^^^^^^^^^
  File "/Users/aadarshkushwaha/Desktop/Study /PythonBackend/Bookly/app/books/routes.py", line 74, in delete_a_book
    success = await service.delete_book(book_id)
              ^^^^^^^^^^^^^^^^^^^^^^^^^^^^^^^^^^
  File "/Users/aadarshkushwaha/Desktop/Study /PythonBackend/Bookly/app/books/service.py", line 43, in delete_book
    raise BookNotFound(message="Book not found", details={"book_id": book_id})
app.shared.exception_handlers.BookNotFound: Book not found
2025-11-09 00:27:39 | [33mWARNING[0m | app:core/logger.py|log_with_context:190 | Handled BookApiException: book_not_found
2025-11-09 00:27:39 | [31mERROR[0m | app:core/logger.py|log_exception:226 | Exception in UnhandledException: Object of type UUID is not JSON serializable
Traceback (most recent call last):
  File "/Users/aadarshkushwaha/Desktop/Study /PythonBackend/Bookly/.venv/lib/python3.13/site-packages/starlette/_exception_handler.py", line 42, in wrapped_app
    await app(scope, receive, sender)
  File "/Users/aadarshkushwaha/Desktop/Study /PythonBackend/Bookly/.venv/lib/python3.13/site-packages/fastapi/routing.py", line 110, in app
    response = await f(request)
               ^^^^^^^^^^^^^^^^
  File "/Users/aadarshkushwaha/Desktop/Study /PythonBackend/Bookly/.venv/lib/python3.13/site-packages/fastapi/routing.py", line 390, in app
    raw_response = await run_endpoint_function(
                   ^^^^^^^^^^^^^^^^^^^^^^^^^^^^
    ...<3 lines>...
    )
    ^
  File "/Users/aadarshkushwaha/Desktop/Study /PythonBackend/Bookly/.venv/lib/python3.13/site-packages/fastapi/routing.py", line 289, in run_endpoint_function
    return await dependant.call(**values)
           ^^^^^^^^^^^^^^^^^^^^^^^^^^^^^^
  File "/Users/aadarshkushwaha/Desktop/Study /PythonBackend/Bookly/app/books/routes.py", line 74, in delete_a_book
    success = await service.delete_book(book_id)
              ^^^^^^^^^^^^^^^^^^^^^^^^^^^^^^^^^^
  File "/Users/aadarshkushwaha/Desktop/Study /PythonBackend/Bookly/app/books/service.py", line 43, in delete_book
    raise BookNotFound(message="Book not found", details={"book_id": book_id})
app.shared.exception_handlers.BookNotFound: Book not found

During handling of the above exception, another exception occurred:

Traceback (most recent call last):
  File "/Users/aadarshkushwaha/Desktop/Study /PythonBackend/Bookly/.venv/lib/python3.13/site-packages/starlette/middleware/errors.py", line 164, in __call__
    await self.app(scope, receive, _send)
  File "/Users/aadarshkushwaha/Desktop/Study /PythonBackend/Bookly/.venv/lib/python3.13/site-packages/starlette/middleware/exceptions.py", line 63, in __call__
    await wrap_app_handling_exceptions(self.app, conn)(scope, receive, send)
  File "/Users/aadarshkushwaha/Desktop/Study /PythonBackend/Bookly/.venv/lib/python3.13/site-packages/starlette/_exception_handler.py", line 53, in wrapped_app
    raise exc
  File "/Users/aadarshkushwaha/Desktop/Study /PythonBackend/Bookly/.venv/lib/python3.13/site-packages/starlette/_exception_handler.py", line 42, in wrapped_app
    await app(scope, receive, sender)
  File "/Users/aadarshkushwaha/Desktop/Study /PythonBackend/Bookly/.venv/lib/python3.13/site-packages/fastapi/middleware/asyncexitstack.py", line 18, in __call__
    await self.app(scope, receive, send)
  File "/Users/aadarshkushwaha/Desktop/Study /PythonBackend/Bookly/.venv/lib/python3.13/site-packages/starlette/routing.py", line 716, in __call__
    await self.middleware_stack(scope, receive, send)
  File "/Users/aadarshkushwaha/Desktop/Study /PythonBackend/Bookly/.venv/lib/python3.13/site-packages/starlette/routing.py", line 736, in app
    await route.handle(scope, receive, send)
  File "/Users/aadarshkushwaha/Desktop/Study /PythonBackend/Bookly/.venv/lib/python3.13/site-packages/starlette/routing.py", line 290, in handle
    await self.app(scope, receive, send)
  File "/Users/aadarshkushwaha/Desktop/Study /PythonBackend/Bookly/.venv/lib/python3.13/site-packages/fastapi/routing.py", line 124, in app
    await wrap_app_handling_exceptions(app, request)(scope, receive, send)
  File "/Users/aadarshkushwaha/Desktop/Study /PythonBackend/Bookly/.venv/lib/python3.13/site-packages/starlette/_exception_handler.py", line 59, in wrapped_app
    response = await handler(conn, exc)
               ^^^^^^^^^^^^^^^^^^^^^^^^
  File "/Users/aadarshkushwaha/Desktop/Study /PythonBackend/Bookly/app/shared/exception_handlers.py", line 175, in bookapi_exception_handler
    return JSONResponse(status_code=exc.status_code, content=payload)
  File "/Users/aadarshkushwaha/Desktop/Study /PythonBackend/Bookly/.venv/lib/python3.13/site-packages/starlette/responses.py", line 189, in __init__
    super().__init__(content, status_code, headers, media_type, background)
    ~~~~~~~~~~~~~~~~^^^^^^^^^^^^^^^^^^^^^^^^^^^^^^^^^^^^^^^^^^^^^^^^^^^^^^^
  File "/Users/aadarshkushwaha/Desktop/Study /PythonBackend/Bookly/.venv/lib/python3.13/site-packages/starlette/responses.py", line 46, in __init__
    self.body = self.render(content)
                ~~~~~~~~~~~^^^^^^^^^
  File "/Users/aadarshkushwaha/Desktop/Study /PythonBackend/Bookly/.venv/lib/python3.13/site-packages/starlette/responses.py", line 192, in render
    return json.dumps(
           ~~~~~~~~~~^
        content,
        ^^^^^^^^
    ...<3 lines>...
        separators=(",", ":"),
        ^^^^^^^^^^^^^^^^^^^^^^
    ).encode("utf-8")
    ^
  File "/Users/aadarshkushwaha/.local/share/uv/python/cpython-3.13.7-macos-x86_64-none/lib/python3.13/json/__init__.py", line 238, in dumps
    **kw).encode(obj)
          ~~~~~~^^^^^
  File "/Users/aadarshkushwaha/.local/share/uv/python/cpython-3.13.7-macos-x86_64-none/lib/python3.13/json/encoder.py", line 200, in encode
    chunks = self.iterencode(o, _one_shot=True)
  File "/Users/aadarshkushwaha/.local/share/uv/python/cpython-3.13.7-macos-x86_64-none/lib/python3.13/json/encoder.py", line 261, in iterencode
    return _iterencode(o, 0)
  File "/Users/aadarshkushwaha/.local/share/uv/python/cpython-3.13.7-macos-x86_64-none/lib/python3.13/json/encoder.py", line 180, in default
    raise TypeError(f'Object of type {o.__class__.__name__} '
                    f'is not JSON serializable')
TypeError: Object of type UUID is not JSON serializable
2025-11-09 00:27:39 | [31mERROR[0m | app:shared/exception_handlers.py|fallback_exception_handler:232 | Unhandled exception at DELETE /api/v1/books/8c5b64aa-8378-4cf5-b721-6d87df8bc936: Object of type UUID is not JSON serializable
2025-11-09 00:28:10 | [32mINFO[0m | app:app/main.py|create_app:75 | âœ… Application initialized ....!!!!
2025-11-09 00:28:23 | [31mERROR[0m | app:core/logger.py|log_exception:226 | Exception in BookApiException: DELETE /api/v1/books/8c5b64aa-8378-4cf5-b721-6d87df8bc936: Book not found
Traceback (most recent call last):
  File "/Users/aadarshkushwaha/Desktop/Study /PythonBackend/Bookly/.venv/lib/python3.13/site-packages/starlette/_exception_handler.py", line 42, in wrapped_app
    await app(scope, receive, sender)
  File "/Users/aadarshkushwaha/Desktop/Study /PythonBackend/Bookly/.venv/lib/python3.13/site-packages/fastapi/routing.py", line 110, in app
    response = await f(request)
               ^^^^^^^^^^^^^^^^
  File "/Users/aadarshkushwaha/Desktop/Study /PythonBackend/Bookly/.venv/lib/python3.13/site-packages/fastapi/routing.py", line 390, in app
    raw_response = await run_endpoint_function(
                   ^^^^^^^^^^^^^^^^^^^^^^^^^^^^
    ...<3 lines>...
    )
    ^
  File "/Users/aadarshkushwaha/Desktop/Study /PythonBackend/Bookly/.venv/lib/python3.13/site-packages/fastapi/routing.py", line 289, in run_endpoint_function
    return await dependant.call(**values)
           ^^^^^^^^^^^^^^^^^^^^^^^^^^^^^^
  File "/Users/aadarshkushwaha/Desktop/Study /PythonBackend/Bookly/app/books/routes.py", line 74, in delete_a_book
    success = await service.delete_book(book_id)
              ^^^^^^^^^^^^^^^^^^^^^^^^^^^^^^^^^^
  File "/Users/aadarshkushwaha/Desktop/Study /PythonBackend/Bookly/app/books/service.py", line 43, in delete_book
    raise BookNotFound(message="Book not found", details={"book_id": str(book_id)})
app.shared.exception_handlers.BookNotFound: Book not found
2025-11-09 00:28:23 | [33mWARNING[0m | app:core/logger.py|log_with_context:190 | Handled BookApiException: book_not_found
2025-11-09 00:33:35 | [32mINFO[0m | app:app/main.py|create_app:75 | âœ… Application initialized ....!!!!
2025-11-09 00:33:45 | [32mINFO[0m | app:app/main.py|create_app:75 | âœ… Application initialized ....!!!!
2025-11-09 00:34:01 | [32mINFO[0m | app:app/main.py|create_app:75 | âœ… Application initialized ....!!!!
2025-11-09 00:34:08 | [32mINFO[0m | app:app/main.py|create_app:75 | âœ… Application initialized ....!!!!
2025-11-09 00:37:11 | [32mINFO[0m | app:app/main.py|create_app:75 | âœ… Application initialized ....!!!!
2025-11-09 00:50:15 | [32mINFO[0m | app:app/main.py|create_app:75 | âœ… Application initialized ....!!!!
2025-11-09 00:50:25 | [31mERROR[0m | app:core/logger.py|log_exception:226 | Exception in UnhandledException: BookNotFound.__init__() got an unexpected keyword argument 'message'
Traceback (most recent call last):
  File "/Users/aadarshkushwaha/Desktop/Study /PythonBackend/Bookly/.venv/lib/python3.13/site-packages/starlette/middleware/errors.py", line 164, in __call__
    await self.app(scope, receive, _send)
  File "/Users/aadarshkushwaha/Desktop/Study /PythonBackend/Bookly/.venv/lib/python3.13/site-packages/starlette/middleware/exceptions.py", line 63, in __call__
    await wrap_app_handling_exceptions(self.app, conn)(scope, receive, send)
  File "/Users/aadarshkushwaha/Desktop/Study /PythonBackend/Bookly/.venv/lib/python3.13/site-packages/starlette/_exception_handler.py", line 53, in wrapped_app
    raise exc
  File "/Users/aadarshkushwaha/Desktop/Study /PythonBackend/Bookly/.venv/lib/python3.13/site-packages/starlette/_exception_handler.py", line 42, in wrapped_app
    await app(scope, receive, sender)
  File "/Users/aadarshkushwaha/Desktop/Study /PythonBackend/Bookly/.venv/lib/python3.13/site-packages/fastapi/middleware/asyncexitstack.py", line 18, in __call__
    await self.app(scope, receive, send)
  File "/Users/aadarshkushwaha/Desktop/Study /PythonBackend/Bookly/.venv/lib/python3.13/site-packages/starlette/routing.py", line 716, in __call__
    await self.middleware_stack(scope, receive, send)
  File "/Users/aadarshkushwaha/Desktop/Study /PythonBackend/Bookly/.venv/lib/python3.13/site-packages/starlette/routing.py", line 736, in app
    await route.handle(scope, receive, send)
  File "/Users/aadarshkushwaha/Desktop/Study /PythonBackend/Bookly/.venv/lib/python3.13/site-packages/starlette/routing.py", line 290, in handle
    await self.app(scope, receive, send)
  File "/Users/aadarshkushwaha/Desktop/Study /PythonBackend/Bookly/.venv/lib/python3.13/site-packages/fastapi/routing.py", line 124, in app
    await wrap_app_handling_exceptions(app, request)(scope, receive, send)
  File "/Users/aadarshkushwaha/Desktop/Study /PythonBackend/Bookly/.venv/lib/python3.13/site-packages/starlette/_exception_handler.py", line 53, in wrapped_app
    raise exc
  File "/Users/aadarshkushwaha/Desktop/Study /PythonBackend/Bookly/.venv/lib/python3.13/site-packages/starlette/_exception_handler.py", line 42, in wrapped_app
    await app(scope, receive, sender)
  File "/Users/aadarshkushwaha/Desktop/Study /PythonBackend/Bookly/.venv/lib/python3.13/site-packages/fastapi/routing.py", line 110, in app
    response = await f(request)
               ^^^^^^^^^^^^^^^^
  File "/Users/aadarshkushwaha/Desktop/Study /PythonBackend/Bookly/.venv/lib/python3.13/site-packages/fastapi/routing.py", line 390, in app
    raw_response = await run_endpoint_function(
                   ^^^^^^^^^^^^^^^^^^^^^^^^^^^^
    ...<3 lines>...
    )
    ^
  File "/Users/aadarshkushwaha/Desktop/Study /PythonBackend/Bookly/.venv/lib/python3.13/site-packages/fastapi/routing.py", line 289, in run_endpoint_function
    return await dependant.call(**values)
           ^^^^^^^^^^^^^^^^^^^^^^^^^^^^^^
  File "/Users/aadarshkushwaha/Desktop/Study /PythonBackend/Bookly/app/books/routes.py", line 74, in delete_a_book
    success = await service.delete_book(book_id)
              ^^^^^^^^^^^^^^^^^^^^^^^^^^^^^^^^^^
  File "/Users/aadarshkushwaha/Desktop/Study /PythonBackend/Bookly/app/books/service.py", line 43, in delete_book
    raise BookNotFound(message="Book not found", details={"book_id": str(book_id)})
          ~~~~~~~~~~~~^^^^^^^^^^^^^^^^^^^^^^^^^^^^^^^^^^^^^^^^^^^^^^^^^^^^^^^^^^^^^
TypeError: BookNotFound.__init__() got an unexpected keyword argument 'message'
2025-11-09 00:51:31 | [32mINFO[0m | app:app/main.py|create_app:75 | âœ… Application initialized ....!!!!
2025-11-09 00:54:33 | [32mINFO[0m | app:app/main.py|create_app:75 | âœ… Application initialized ....!!!!
2025-11-09 00:55:11 | [32mINFO[0m | app:app/main.py|create_app:75 | âœ… Application initialized ....!!!!
2025-11-09 00:55:15 | [33mWARNING[0m | app:core/logger.py|log_with_context:190 | Handled BooklyException: book_not_found
2025-11-09 00:55:15 | [31mERROR[0m | app:core/logger.py|log_exception:226 | Exception in BookNotFound: Book not found
Traceback (most recent call last):
  File "/Users/aadarshkushwaha/Desktop/Study /PythonBackend/Bookly/.venv/lib/python3.13/site-packages/starlette/_exception_handler.py", line 42, in wrapped_app
    await app(scope, receive, sender)
  File "/Users/aadarshkushwaha/Desktop/Study /PythonBackend/Bookly/.venv/lib/python3.13/site-packages/fastapi/routing.py", line 110, in app
    response = await f(request)
               ^^^^^^^^^^^^^^^^
  File "/Users/aadarshkushwaha/Desktop/Study /PythonBackend/Bookly/.venv/lib/python3.13/site-packages/fastapi/routing.py", line 390, in app
    raw_response = await run_endpoint_function(
                   ^^^^^^^^^^^^^^^^^^^^^^^^^^^^
    ...<3 lines>...
    )
    ^
  File "/Users/aadarshkushwaha/Desktop/Study /PythonBackend/Bookly/.venv/lib/python3.13/site-packages/fastapi/routing.py", line 289, in run_endpoint_function
    return await dependant.call(**values)
           ^^^^^^^^^^^^^^^^^^^^^^^^^^^^^^
  File "/Users/aadarshkushwaha/Desktop/Study /PythonBackend/Bookly/app/books/routes.py", line 74, in delete_a_book
    success = await service.delete_book(book_id)
              ^^^^^^^^^^^^^^^^^^^^^^^^^^^^^^^^^^
  File "/Users/aadarshkushwaha/Desktop/Study /PythonBackend/Bookly/app/books/service.py", line 43, in delete_book
    raise BookNotFound(details={"book_id": str(book_id)})
app.shared.exception_handlers.BookNotFound: Book not found
2025-11-09 00:58:19 | [32mINFO[0m | app:app/main.py|create_app:75 | âœ… Application initialized ....!!!!
2025-11-09 00:58:49 | [32mINFO[0m | app:app/main.py|create_app:75 | âœ… Application initialized ....!!!!
2025-11-09 00:59:15 | [32mINFO[0m | app:app/main.py|create_app:75 | âœ… Application initialized ....!!!!
2025-11-09 01:00:00 | [32mINFO[0m | app:app/main.py|create_app:75 | âœ… Application initialized ....!!!!
2025-11-09 01:00:19 | [32mINFO[0m | app:app/main.py|create_app:75 | âœ… Application initialized ....!!!!
2025-11-09 01:02:13 | [32mINFO[0m | app:app/main.py|create_app:75 | âœ… Application initialized ....!!!!
2025-11-09 01:02:31 | [32mINFO[0m | app:app/main.py|create_app:75 | âœ… Application initialized ....!!!!
2025-11-09 01:02:48 | [32mINFO[0m | app:app/main.py|create_app:75 | âœ… Application initialized ....!!!!
2025-11-09 01:03:59 | [32mINFO[0m | app:app/main.py|create_app:75 | âœ… Application initialized ....!!!!
2025-11-09 01:04:14 | [32mINFO[0m | app:app/main.py|create_app:75 | âœ… Application initialized ....!!!!
2025-11-09 01:05:01 | [32mINFO[0m | app:app/main.py|create_app:75 | âœ… Application initialized ....!!!!
2025-11-09 01:05:09 | [32mINFO[0m | app:app/main.py|create_app:75 | âœ… Application initialized ....!!!!
2025-11-09 01:05:37 | [32mINFO[0m | app:app/main.py|create_app:75 | âœ… Application initialized ....!!!!
