2025-11-15 17:08:10 | [32mINFO[0m | src:src/main.py|create_app:81 | âœ… Application initialized ....!!!!
2025-11-15 17:08:21 | [32mINFO[0m | src:src/main.py|create_app:81 | âœ… Application initialized ....!!!!
2025-11-15 17:15:35 | [32mINFO[0m | src:src/main.py|create_app:81 | âœ… Application initialized ....!!!!
2025-11-15 17:17:05 | INFO     | src:src/main.py|create_app:81 | âœ… Application initialized ....!!!!
2025-11-15 17:18:00 | INFO     | src:src/main.py|create_app:81 | âœ… Application initialized ....!!!!
2025-11-15 17:18:02 | [32mINFO[0m | src:src/main.py|create_app:81 | âœ… Application initialized ....!!!!
2025-11-15 17:20:51 | [32mINFO[0m | src:src/main.py|create_app:81 | âœ… Application initialized ....!!!!
2025-11-15 17:22:49 | [32mINFO[0m | src:src/main.py|create_app:81 | âœ… Application initialized ....!!!!
2025-11-15 17:22:58 | [32mINFO[0m | src:src/main.py|create_app:81 | âœ… Application initialized ....!!!!
2025-11-15 17:23:04 | [32mINFO[0m | src:src/main.py|create_app:81 | âœ… Application initialized ....!!!!
2025-11-15 17:23:17 | [32mINFO[0m | src:src/main.py|create_app:81 | âœ… Application initialized ....!!!!
2025-11-15 17:23:37 | [32mINFO[0m | src:src/main.py|create_app:81 | âœ… Application initialized ....!!!!
2025-11-15 17:23:42 | [32mINFO[0m | src:src/main.py|create_app:81 | âœ… Application initialized ....!!!!
2025-11-15 17:23:51 | INFO     | src:src/main.py|create_app:81 | âœ… Application initialized ....!!!!
2025-11-15 17:23:51 | INFO     | src:core/logger.py|log_with_context:211 | POST http://testserver/api/v1/auth/send-email - 200 (duration=2.37 ms) | client=testclient
2025-11-15 17:24:17 | [32mINFO[0m | src:src/main.py|create_app:81 | âœ… Application initialized ....!!!!
2025-11-15 17:24:28 | INFO     | src:src/main.py|create_app:81 | âœ… Application initialized ....!!!!
2025-11-15 17:24:28 | INFO     | src:core/logger.py|log_with_context:211 | POST http://testserver/api/v1/auth/send-email - 200 (duration=1.26 ms) | client=testclient
2025-11-15 17:25:00 | INFO     | src:src/main.py|create_app:81 | âœ… Application initialized ....!!!!
2025-11-15 17:25:00 | INFO     | src:core/logger.py|log_with_context:211 | POST http://testserver/api/v1/auth/send-email - 200 (duration=1.15 ms) | client=testclient
2025-11-15 17:25:03 | [32mINFO[0m | src:src/main.py|create_app:81 | âœ… Application initialized ....!!!!
2025-11-15 17:27:59 | [32mINFO[0m | src:src/main.py|create_app:81 | âœ… Application initialized ....!!!!
2025-11-15 17:28:08 | [32mINFO[0m | src:src/main.py|create_app:81 | âœ… Application initialized ....!!!!
2025-11-15 17:28:27 | [32mINFO[0m | src:src/main.py|create_app:81 | âœ… Application initialized ....!!!!
2025-11-15 17:28:38 | [32mINFO[0m | src:src/main.py|create_app:81 | âœ… Application initialized ....!!!!
2025-11-15 17:28:59 | [32mINFO[0m | src:src/main.py|create_app:81 | âœ… Application initialized ....!!!!
2025-11-15 17:29:06 | [32mINFO[0m | src:src/main.py|create_app:81 | âœ… Application initialized ....!!!!
2025-11-15 17:29:50 | [32mINFO[0m | src:src/main.py|create_app:81 | âœ… Application initialized ....!!!!
2025-11-15 17:30:34 | INFO     | src:src/main.py|create_app:81 | âœ… Application initialized ....!!!!
2025-11-15 17:30:34 | INFO     | src:core/logger.py|log_with_context:211 | POST http://testserver/api/v1/auth/send-email - 200 (duration=1.11 ms) | client=testclient
2025-11-15 17:32:45 | [32mINFO[0m | src:src/main.py|create_app:81 | âœ… Application initialized ....!!!!
2025-11-15 17:33:27 | [32mINFO[0m | src:src/main.py|create_app:81 | âœ… Application initialized ....!!!!
2025-11-15 17:33:35 | [32mINFO[0m | src:src/main.py|create_app:81 | âœ… Application initialized ....!!!!
2025-11-15 17:34:09 | [32mINFO[0m | src:src/main.py|create_app:81 | âœ… Application initialized ....!!!!
2025-11-15 17:35:14 | INFO     | src:src/main.py|create_app:81 | âœ… Application initialized ....!!!!
2025-11-15 17:35:15 | INFO     | src:core/logger.py|log_with_context:211 | POST http://testserver/api/v1/auth/send-email - 200 (duration=1.23 ms) | client=testclient
2025-11-15 17:40:01 | [32mINFO[0m | src:src/main.py|create_app:81 | âœ… Application initialized ....!!!!
2025-11-15 17:40:17 | [32mINFO[0m | src:src/main.py|create_app:81 | âœ… Application initialized ....!!!!
2025-11-15 17:40:44 | [32mINFO[0m | src:src/main.py|create_app:81 | âœ… Application initialized ....!!!!
2025-11-15 17:40:51 | [32mINFO[0m | src:src/main.py|create_app:81 | âœ… Application initialized ....!!!!
2025-11-15 17:40:57 | [32mINFO[0m | src:src/main.py|create_app:81 | âœ… Application initialized ....!!!!
2025-11-15 17:41:26 | [32mINFO[0m | src:src/main.py|create_app:81 | âœ… Application initialized ....!!!!
2025-11-15 17:41:40 | [32mINFO[0m | src:src/main.py|create_app:81 | âœ… Application initialized ....!!!!
2025-11-15 17:42:11 | [32mINFO[0m | src:src/main.py|create_app:81 | âœ… Application initialized ....!!!!
2025-11-15 17:42:15 | INFO     | src:src/main.py|create_app:81 | âœ… Application initialized ....!!!!
2025-11-15 17:42:15 | INFO     | src:core/logger.py|log_with_context:211 | POST http://testserver/api/v1/auth/send-email - 200 (duration=1.3 ms) | client=testclient
2025-11-15 17:42:15 | ERROR    | src:core/logger.py|log_exception:251 | Exception in RequestValidationError: [{'type': 'missing', 'loc': ('body', 'username'), 'msg': 'Field required', 'input': {'email': 'new@example.com', 'password': 'secret123', 'full_name': 'Test User'}}, {'type': 'missing', 'loc': ('body', 'first_name'), 'msg': 'Field required', 'input': {'email': 'new@example.com', 'password': 'secret123', 'full_name': 'Test User'}}, {'type': 'missing', 'loc': ('body', 'last_name'), 'msg': 'Field required', 'input': {'email': 'new@example.com', 'password': 'secret123', 'full_name': 'Test User'}}]
Traceback (most recent call last):
  File "/Users/aadarshkushwaha/Desktop/Study /PythonBackend/BookAPI/.venv/lib/python3.13/site-packages/starlette/_exception_handler.py", line 42, in wrapped_app
    await app(scope, receive, sender)
  File "/Users/aadarshkushwaha/Desktop/Study /PythonBackend/BookAPI/.venv/lib/python3.13/site-packages/fastapi/routing.py", line 110, in app
    response = await f(request)
               ^^^^^^^^^^^^^^^^
  File "/Users/aadarshkushwaha/Desktop/Study /PythonBackend/BookAPI/.venv/lib/python3.13/site-packages/fastapi/routing.py", line 431, in app
    raise validation_error
fastapi.exceptions.RequestValidationError: [{'type': 'missing', 'loc': ('body', 'username'), 'msg': 'Field required', 'input': {'email': 'new@example.com', 'password': 'secret123', 'full_name': 'Test User'}}, {'type': 'missing', 'loc': ('body', 'first_name'), 'msg': 'Field required', 'input': {'email': 'new@example.com', 'password': 'secret123', 'full_name': 'Test User'}}, {'type': 'missing', 'loc': ('body', 'last_name'), 'msg': 'Field required', 'input': {'email': 'new@example.com', 'password': 'secret123', 'full_name': 'Test User'}}]
2025-11-15 17:42:15 | INFO     | src:core/logger.py|log_with_context:211 | POST http://testserver/api/v1/auth/signup - 422 (duration=10.24 ms) | client=testclient
2025-11-15 17:45:36 | [32mINFO[0m | src:src/main.py|create_app:81 | âœ… Application initialized ....!!!!
2025-11-15 17:46:18 | [32mINFO[0m | src:src/main.py|create_app:81 | âœ… Application initialized ....!!!!
2025-11-15 17:46:39 | [32mINFO[0m | src:src/main.py|create_app:81 | âœ… Application initialized ....!!!!
2025-11-15 17:46:50 | [32mINFO[0m | src:src/main.py|create_app:81 | âœ… Application initialized ....!!!!
2025-11-15 17:46:59 | [32mINFO[0m | src:src/main.py|create_app:81 | âœ… Application initialized ....!!!!
2025-11-15 17:47:08 | INFO     | src:src/main.py|create_app:81 | âœ… Application initialized ....!!!!
2025-11-15 17:47:08 | INFO     | src:core/logger.py|log_with_context:211 | POST http://testserver/api/v1/auth/send-email - 200 (duration=1.35 ms) | client=testclient
2025-11-15 17:47:08 | ERROR    | src:core/logger.py|log_exception:251 | Exception in HTTP Middleware: 4 validation errors for MeResponse
username
  Input should be a valid string [type=string_type, input_value=<AsyncMock name='mock.cre...ername' id='4548812752'>, input_type=AsyncMock]
    For further information visit https://errors.pydantic.dev/2.12/v/string_type
first_name
  Input should be a valid string [type=string_type, input_value=<AsyncMock name='mock.cre...t_name' id='4548813424'>, input_type=AsyncMock]
    For further information visit https://errors.pydantic.dev/2.12/v/string_type
last_name
  Input should be a valid string [type=string_type, input_value=<AsyncMock name='mock.cre...t_name' id='4548814096'>, input_type=AsyncMock]
    For further information visit https://errors.pydantic.dev/2.12/v/string_type
role
  Input should be a valid string [type=string_type, input_value=<AsyncMock name='mock.cre....value' id='4548818128'>, input_type=AsyncMock]
    For further information visit https://errors.pydantic.dev/2.12/v/string_type
Traceback (most recent call last):
  File "/Users/aadarshkushwaha/Desktop/Study /PythonBackend/BookAPI/src/core/middleware.py", line 22, in custom_http_logging
    response = await call_next(request)
               ^^^^^^^^^^^^^^^^^^^^^^^^
  File "/Users/aadarshkushwaha/Desktop/Study /PythonBackend/BookAPI/.venv/lib/python3.13/site-packages/starlette/middleware/base.py", line 168, in call_next
    raise app_exc from app_exc.__cause__ or app_exc.__context__
  File "/Users/aadarshkushwaha/Desktop/Study /PythonBackend/BookAPI/.venv/lib/python3.13/site-packages/starlette/middleware/base.py", line 144, in coro
    await self.app(scope, receive_or_disconnect, send_no_error)
  File "/Users/aadarshkushwaha/Desktop/Study /PythonBackend/BookAPI/.venv/lib/python3.13/site-packages/starlette/middleware/exceptions.py", line 63, in __call__
    await wrap_app_handling_exceptions(self.app, conn)(scope, receive, send)
  File "/Users/aadarshkushwaha/Desktop/Study /PythonBackend/BookAPI/.venv/lib/python3.13/site-packages/starlette/_exception_handler.py", line 53, in wrapped_app
    raise exc
  File "/Users/aadarshkushwaha/Desktop/Study /PythonBackend/BookAPI/.venv/lib/python3.13/site-packages/starlette/_exception_handler.py", line 42, in wrapped_app
    await app(scope, receive, sender)
  File "/Users/aadarshkushwaha/Desktop/Study /PythonBackend/BookAPI/.venv/lib/python3.13/site-packages/fastapi/middleware/asyncexitstack.py", line 18, in __call__
    await self.app(scope, receive, send)
  File "/Users/aadarshkushwaha/Desktop/Study /PythonBackend/BookAPI/.venv/lib/python3.13/site-packages/starlette/routing.py", line 716, in __call__
    await self.middleware_stack(scope, receive, send)
  File "/Users/aadarshkushwaha/Desktop/Study /PythonBackend/BookAPI/.venv/lib/python3.13/site-packages/starlette/routing.py", line 736, in app
    await route.handle(scope, receive, send)
  File "/Users/aadarshkushwaha/Desktop/Study /PythonBackend/BookAPI/.venv/lib/python3.13/site-packages/starlette/routing.py", line 290, in handle
    await self.app(scope, receive, send)
  File "/Users/aadarshkushwaha/Desktop/Study /PythonBackend/BookAPI/.venv/lib/python3.13/site-packages/fastapi/routing.py", line 124, in app
    await wrap_app_handling_exceptions(app, request)(scope, receive, send)
  File "/Users/aadarshkushwaha/Desktop/Study /PythonBackend/BookAPI/.venv/lib/python3.13/site-packages/starlette/_exception_handler.py", line 53, in wrapped_app
    raise exc
  File "/Users/aadarshkushwaha/Desktop/Study /PythonBackend/BookAPI/.venv/lib/python3.13/site-packages/starlette/_exception_handler.py", line 42, in wrapped_app
    await app(scope, receive, sender)
  File "/Users/aadarshkushwaha/Desktop/Study /PythonBackend/BookAPI/.venv/lib/python3.13/site-packages/fastapi/routing.py", line 110, in app
    response = await f(request)
               ^^^^^^^^^^^^^^^^
  File "/Users/aadarshkushwaha/Desktop/Study /PythonBackend/BookAPI/.venv/lib/python3.13/site-packages/fastapi/routing.py", line 390, in app
    raw_response = await run_endpoint_function(
                   ^^^^^^^^^^^^^^^^^^^^^^^^^^^^
    ...<3 lines>...
    )
    ^
  File "/Users/aadarshkushwaha/Desktop/Study /PythonBackend/BookAPI/.venv/lib/python3.13/site-packages/fastapi/routing.py", line 289, in run_endpoint_function
    return await dependant.call(**values)
           ^^^^^^^^^^^^^^^^^^^^^^^^^^^^^^
  File "/Users/aadarshkushwaha/Desktop/Study /PythonBackend/BookAPI/src/auth/routes.py", line 54, in signup
    user=MeResponse.from_user(new_user)
  File "/Users/aadarshkushwaha/Desktop/Study /PythonBackend/BookAPI/src/auth/schemas.py", line 41, in from_user
    return cls(
        uid=str(user.uid),
    ...<9 lines>...
        books=user.books,
    )
  File "/Users/aadarshkushwaha/Desktop/Study /PythonBackend/BookAPI/.venv/lib/python3.13/site-packages/pydantic/main.py", line 250, in __init__
    validated_self = self.__pydantic_validator__.validate_python(data, self_instance=self)
pydantic_core._pydantic_core.ValidationError: 4 validation errors for MeResponse
username
  Input should be a valid string [type=string_type, input_value=<AsyncMock name='mock.cre...ername' id='4548812752'>, input_type=AsyncMock]
    For further information visit https://errors.pydantic.dev/2.12/v/string_type
first_name
  Input should be a valid string [type=string_type, input_value=<AsyncMock name='mock.cre...t_name' id='4548813424'>, input_type=AsyncMock]
    For further information visit https://errors.pydantic.dev/2.12/v/string_type
last_name
  Input should be a valid string [type=string_type, input_value=<AsyncMock name='mock.cre...t_name' id='4548814096'>, input_type=AsyncMock]
    For further information visit https://errors.pydantic.dev/2.12/v/string_type
role
  Input should be a valid string [type=string_type, input_value=<AsyncMock name='mock.cre....value' id='4548818128'>, input_type=AsyncMock]
    For further information visit https://errors.pydantic.dev/2.12/v/string_type
2025-11-15 17:47:08 | INFO     | src:core/logger.py|log_with_context:211 | POST http://testserver/api/v1/auth/signup - 500 (duration=17.29 ms) | client=testclient
2025-11-15 17:47:08 | ERROR    | src:core/logger.py|log_exception:251 | Exception in UnhandledException: 4 validation errors for MeResponse
username
  Input should be a valid string [type=string_type, input_value=<AsyncMock name='mock.cre...ername' id='4548812752'>, input_type=AsyncMock]
    For further information visit https://errors.pydantic.dev/2.12/v/string_type
first_name
  Input should be a valid string [type=string_type, input_value=<AsyncMock name='mock.cre...t_name' id='4548813424'>, input_type=AsyncMock]
    For further information visit https://errors.pydantic.dev/2.12/v/string_type
last_name
  Input should be a valid string [type=string_type, input_value=<AsyncMock name='mock.cre...t_name' id='4548814096'>, input_type=AsyncMock]
    For further information visit https://errors.pydantic.dev/2.12/v/string_type
role
  Input should be a valid string [type=string_type, input_value=<AsyncMock name='mock.cre....value' id='4548818128'>, input_type=AsyncMock]
    For further information visit https://errors.pydantic.dev/2.12/v/string_type
Traceback (most recent call last):
  File "/Users/aadarshkushwaha/Desktop/Study /PythonBackend/BookAPI/.venv/lib/python3.13/site-packages/starlette/middleware/errors.py", line 164, in __call__
    await self.app(scope, receive, _send)
  File "/Users/aadarshkushwaha/Desktop/Study /PythonBackend/BookAPI/.venv/lib/python3.13/site-packages/starlette/middleware/trustedhost.py", line 51, in __call__
    await self.app(scope, receive, send)
  File "/Users/aadarshkushwaha/Desktop/Study /PythonBackend/BookAPI/.venv/lib/python3.13/site-packages/starlette/middleware/cors.py", line 85, in __call__
    await self.app(scope, receive, send)
  File "/Users/aadarshkushwaha/Desktop/Study /PythonBackend/BookAPI/.venv/lib/python3.13/site-packages/starlette/middleware/base.py", line 191, in __call__
    with recv_stream, send_stream, collapse_excgroups():
                                   ~~~~~~~~~~~~~~~~~~^^
  File "/Users/aadarshkushwaha/.local/share/uv/python/cpython-3.13.7-macos-x86_64-none/lib/python3.13/contextlib.py", line 162, in __exit__
    self.gen.throw(value)
    ~~~~~~~~~~~~~~^^^^^^^
  File "/Users/aadarshkushwaha/Desktop/Study /PythonBackend/BookAPI/.venv/lib/python3.13/site-packages/starlette/_utils.py", line 85, in collapse_excgroups
    raise exc
  File "/Users/aadarshkushwaha/Desktop/Study /PythonBackend/BookAPI/.venv/lib/python3.13/site-packages/starlette/middleware/base.py", line 193, in __call__
    response = await self.dispatch_func(request, call_next)
               ^^^^^^^^^^^^^^^^^^^^^^^^^^^^^^^^^^^^^^^^^^^^
  File "/Users/aadarshkushwaha/Desktop/Study /PythonBackend/BookAPI/src/core/middleware.py", line 22, in custom_http_logging
    response = await call_next(request)
               ^^^^^^^^^^^^^^^^^^^^^^^^
  File "/Users/aadarshkushwaha/Desktop/Study /PythonBackend/BookAPI/.venv/lib/python3.13/site-packages/starlette/middleware/base.py", line 168, in call_next
    raise app_exc from app_exc.__cause__ or app_exc.__context__
  File "/Users/aadarshkushwaha/Desktop/Study /PythonBackend/BookAPI/.venv/lib/python3.13/site-packages/starlette/middleware/base.py", line 144, in coro
    await self.app(scope, receive_or_disconnect, send_no_error)
  File "/Users/aadarshkushwaha/Desktop/Study /PythonBackend/BookAPI/.venv/lib/python3.13/site-packages/starlette/middleware/exceptions.py", line 63, in __call__
    await wrap_app_handling_exceptions(self.app, conn)(scope, receive, send)
  File "/Users/aadarshkushwaha/Desktop/Study /PythonBackend/BookAPI/.venv/lib/python3.13/site-packages/starlette/_exception_handler.py", line 53, in wrapped_app
    raise exc
  File "/Users/aadarshkushwaha/Desktop/Study /PythonBackend/BookAPI/.venv/lib/python3.13/site-packages/starlette/_exception_handler.py", line 42, in wrapped_app
    await app(scope, receive, sender)
  File "/Users/aadarshkushwaha/Desktop/Study /PythonBackend/BookAPI/.venv/lib/python3.13/site-packages/fastapi/middleware/asyncexitstack.py", line 18, in __call__
    await self.app(scope, receive, send)
  File "/Users/aadarshkushwaha/Desktop/Study /PythonBackend/BookAPI/.venv/lib/python3.13/site-packages/starlette/routing.py", line 716, in __call__
    await self.middleware_stack(scope, receive, send)
  File "/Users/aadarshkushwaha/Desktop/Study /PythonBackend/BookAPI/.venv/lib/python3.13/site-packages/starlette/routing.py", line 736, in app
    await route.handle(scope, receive, send)
  File "/Users/aadarshkushwaha/Desktop/Study /PythonBackend/BookAPI/.venv/lib/python3.13/site-packages/starlette/routing.py", line 290, in handle
    await self.app(scope, receive, send)
  File "/Users/aadarshkushwaha/Desktop/Study /PythonBackend/BookAPI/.venv/lib/python3.13/site-packages/fastapi/routing.py", line 124, in app
    await wrap_app_handling_exceptions(app, request)(scope, receive, send)
  File "/Users/aadarshkushwaha/Desktop/Study /PythonBackend/BookAPI/.venv/lib/python3.13/site-packages/starlette/_exception_handler.py", line 53, in wrapped_app
    raise exc
  File "/Users/aadarshkushwaha/Desktop/Study /PythonBackend/BookAPI/.venv/lib/python3.13/site-packages/starlette/_exception_handler.py", line 42, in wrapped_app
    await app(scope, receive, sender)
  File "/Users/aadarshkushwaha/Desktop/Study /PythonBackend/BookAPI/.venv/lib/python3.13/site-packages/fastapi/routing.py", line 110, in app
    response = await f(request)
               ^^^^^^^^^^^^^^^^
  File "/Users/aadarshkushwaha/Desktop/Study /PythonBackend/BookAPI/.venv/lib/python3.13/site-packages/fastapi/routing.py", line 390, in app
    raw_response = await run_endpoint_function(
                   ^^^^^^^^^^^^^^^^^^^^^^^^^^^^
    ...<3 lines>...
    )
    ^
  File "/Users/aadarshkushwaha/Desktop/Study /PythonBackend/BookAPI/.venv/lib/python3.13/site-packages/fastapi/routing.py", line 289, in run_endpoint_function
    return await dependant.call(**values)
           ^^^^^^^^^^^^^^^^^^^^^^^^^^^^^^
  File "/Users/aadarshkushwaha/Desktop/Study /PythonBackend/BookAPI/src/auth/routes.py", line 54, in signup
    user=MeResponse.from_user(new_user)
  File "/Users/aadarshkushwaha/Desktop/Study /PythonBackend/BookAPI/src/auth/schemas.py", line 41, in from_user
    return cls(
        uid=str(user.uid),
    ...<9 lines>...
        books=user.books,
    )
  File "/Users/aadarshkushwaha/Desktop/Study /PythonBackend/BookAPI/.venv/lib/python3.13/site-packages/pydantic/main.py", line 250, in __init__
    validated_self = self.__pydantic_validator__.validate_python(data, self_instance=self)
pydantic_core._pydantic_core.ValidationError: 4 validation errors for MeResponse
username
  Input should be a valid string [type=string_type, input_value=<AsyncMock name='mock.cre...ername' id='4548812752'>, input_type=AsyncMock]
    For further information visit https://errors.pydantic.dev/2.12/v/string_type
first_name
  Input should be a valid string [type=string_type, input_value=<AsyncMock name='mock.cre...t_name' id='4548813424'>, input_type=AsyncMock]
    For further information visit https://errors.pydantic.dev/2.12/v/string_type
last_name
  Input should be a valid string [type=string_type, input_value=<AsyncMock name='mock.cre...t_name' id='4548814096'>, input_type=AsyncMock]
    For further information visit https://errors.pydantic.dev/2.12/v/string_type
role
  Input should be a valid string [type=string_type, input_value=<AsyncMock name='mock.cre....value' id='4548818128'>, input_type=AsyncMock]
    For further information visit https://errors.pydantic.dev/2.12/v/string_type
2025-11-15 17:52:26 | [32mINFO[0m | src:src/main.py|create_app:81 | âœ… Application initialized ....!!!!
2025-11-15 17:52:32 | [32mINFO[0m | src:src/main.py|create_app:81 | âœ… Application initialized ....!!!!
2025-11-15 17:53:25 | [32mINFO[0m | src:src/main.py|create_app:81 | âœ… Application initialized ....!!!!
2025-11-15 17:53:28 | INFO     | src:src/main.py|create_app:81 | âœ… Application initialized ....!!!!
2025-11-15 17:53:28 | INFO     | src:core/logger.py|log_with_context:211 | POST http://testserver/api/v1/auth/send-email - 200 (duration=1.29 ms) | client=testclient
2025-11-15 17:53:28 | INFO     | src:core/logger.py|log_with_context:211 | POST http://testserver/api/v1/auth/signup - 201 (duration=2.53 ms) | client=testclient
2025-11-15 17:53:44 | [32mINFO[0m | src:src/main.py|create_app:81 | âœ… Application initialized ....!!!!
